Using pre-set license
Built from '2021.3/staging' branch; Version is '2021.3.20f1 (577897200b8b) revision 5732503'; Using compiler version '192829333'; Build Type 'Release'
OS: 'Windows 11  (10.0.22631) 64bit Professional' Language: 'ru' Physical Memory: 7599 MB
BatchMode: 1, IsHumanControllingUs: 0, StartBugReporterOnCrash: 0, Is64bit: 1, IsPro: 1

COMMAND LINE ARGUMENTS:
C:\Program Files\Unity\Hub\Editor\2021.3.20f1\Editor\Unity.exe
-adb2
-batchMode
-noUpm
-name
AssetImportWorker4
-projectPath
C:/Users/azhon/FinalProject
-logFile
Logs/AssetImportWorker4.log
-srvPort
54955
Successfully changed project path to: C:/Users/azhon/FinalProject
C:/Users/azhon/FinalProject
[UnityMemory] Configuration Parameters - Can be set up in boot.config
    "memorysetup-bucket-allocator-granularity=16"
    "memorysetup-bucket-allocator-bucket-count=8"
    "memorysetup-bucket-allocator-block-size=33554432"
    "memorysetup-bucket-allocator-block-count=8"
    "memorysetup-main-allocator-block-size=16777216"
    "memorysetup-thread-allocator-block-size=16777216"
    "memorysetup-gfx-main-allocator-block-size=16777216"
    "memorysetup-gfx-thread-allocator-block-size=16777216"
    "memorysetup-cache-allocator-block-size=4194304"
    "memorysetup-typetree-allocator-block-size=2097152"
    "memorysetup-profiler-bucket-allocator-granularity=16"
    "memorysetup-profiler-bucket-allocator-bucket-count=8"
    "memorysetup-profiler-bucket-allocator-block-size=33554432"
    "memorysetup-profiler-bucket-allocator-block-count=8"
    "memorysetup-profiler-allocator-block-size=16777216"
    "memorysetup-profiler-editor-allocator-block-size=1048576"
    "memorysetup-temp-allocator-size-main=16777216"
    "memorysetup-job-temp-allocator-block-size=2097152"
    "memorysetup-job-temp-allocator-block-size-background=1048576"
    "memorysetup-job-temp-allocator-reduction-small-platforms=262144"
    "memorysetup-temp-allocator-size-background-worker=32768"
    "memorysetup-temp-allocator-size-job-worker=262144"
    "memorysetup-temp-allocator-size-preload-manager=33554432"
    "memorysetup-temp-allocator-size-nav-mesh-worker=65536"
    "memorysetup-temp-allocator-size-audio-worker=65536"
    "memorysetup-temp-allocator-size-cloud-worker=32768"
    "memorysetup-temp-allocator-size-gi-baking-worker=262144"
    "memorysetup-temp-allocator-size-gfx=262144"
Player connection [43720] Host "[IP] 192.168.56.1 [Port] 0 [Flags] 2 [Guid] 4200549506 [EditorId] 4200549506 [Version] 1048832 [Id] WindowsEditor(7,MARVEL) [Debug] 1 [PackageName] WindowsEditor [ProjectName] Editor" joined multi-casting on [225.0.0.222:54997]...

Player connection [43720] Host "[IP] 192.168.56.1 [Port] 0 [Flags] 2 [Guid] 4200549506 [EditorId] 4200549506 [Version] 1048832 [Id] WindowsEditor(7,MARVEL) [Debug] 1 [PackageName] WindowsEditor [ProjectName] Editor" joined alternative multi-casting on [225.0.0.222:34997]...

Refreshing native plugins compatible for Editor in 209.86 ms, found 9 plugins.
Preloading 2 native plugins for Editor in 2.88 ms.
Initialize engine version: 2021.3.20f1 (577897200b8b)
[Subsystems] Discovering subsystems at path C:/Program Files/Unity/Hub/Editor/2021.3.20f1/Editor/Data/Resources/UnitySubsystems
[Subsystems] Discovering subsystems at path C:/Users/azhon/FinalProject/Assets
GfxDevice: creating device client; threaded=0; jobified=0
Direct3D:
    Version:  Direct3D 11.0 [level 11.1]
    Renderer: NVIDIA GeForce GTX 1650 (ID=0x1f9d)
    Vendor:   NVIDIA
    VRAM:     3950 MB
    Driver:   31.0.15.4680
Shader 'Oculus/OVRMRCameraFrameLit': fallback shader 'Alpha-Diffuse' not found
Initialize mono
Mono path[0] = 'C:/Program Files/Unity/Hub/Editor/2021.3.20f1/Editor/Data/Managed'
Mono path[1] = 'C:/Program Files/Unity/Hub/Editor/2021.3.20f1/Editor/Data/MonoBleedingEdge/lib/mono/unityjit-win32'
Mono config path = 'C:/Program Files/Unity/Hub/Editor/2021.3.20f1/Editor/Data/MonoBleedingEdge/etc'
Using monoOptions --debugger-agent=transport=dt_socket,embedding=1,server=y,suspend=n,address=127.0.0.1:56600
Begin MonoManager ReloadAssembly
Registering precompiled unity dll's ...
Register platform support module: C:/Program Files/Unity/Hub/Editor/2021.3.20f1/Editor/Data/PlaybackEngines/AndroidPlayer/UnityEditor.Android.Extensions.dll
Register platform support module: C:/Program Files/Unity/Hub/Editor/2021.3.20f1/Editor/Data/PlaybackEngines/WindowsStandaloneSupport/UnityEditor.WindowsStandalone.Extensions.dll
Registered in 0.006468 seconds.
Native extension for WindowsStandalone target not found
Native extension for Android target not found
Android Extension - Scanning For ADB Devices 529 ms
Refreshing native plugins compatible for Editor in 180.18 ms, found 9 plugins.
Preloading 2 native plugins for Editor in 0.10 ms.
Mono: successfully reloaded assembly
- Completed reload, in  1.430 seconds
Domain Reload Profiling:
	ReloadAssembly (1431ms)
		BeginReloadAssembly (181ms)
			ExecutionOrderSort (0ms)
			DisableScriptedObjects (0ms)
			BackupInstance (0ms)
			ReleaseScriptingObjects (0ms)
			CreateAndSetChildDomain (1ms)
		EndReloadAssembly (1145ms)
			LoadAssemblies (177ms)
			RebuildTransferFunctionScriptingTraits (0ms)
			SetupTypeCache (119ms)
			ReleaseScriptCaches (0ms)
			RebuildScriptCaches (33ms)
			SetupLoadedEditorAssemblies (937ms)
				LogAssemblyErrors (0ms)
				InitializePlatformSupportModulesInManaged (617ms)
				SetLoadedEditorAssemblies (0ms)
				RefreshPlugins (180ms)
				BeforeProcessingInitializeOnLoad (2ms)
				ProcessInitializeOnLoadAttributes (96ms)
				ProcessInitializeOnLoadMethodAttributes (42ms)
				AfterProcessingInitializeOnLoad (0ms)
				EditorAssembliesLoaded (0ms)
			ExecutionOrderSort2 (0ms)
			AwakeInstancesAfterBackupRestoration (0ms)
Platform modules already initialized, skipping
Registering precompiled user dll's ...
Registered in 0.022371 seconds.
Begin MonoManager ReloadAssembly
Symbol file LoadedFromMemory doesn't match image C:\Users\azhon\FinalProject\Library\PackageCache\com.unity.visualscripting@1.8.0\Editor\VisualScripting.Core\Dependencies\DotNetZip\Unity.VisualScripting.IonicZip.dll
Symbol file LoadedFromMemory is not a mono symbol file
Symbol file LoadedFromMemory doesn't match image C:\Users\azhon\FinalProject\Library\PackageCache\com.unity.visualscripting@1.8.0\Editor\VisualScripting.Core\Dependencies\YamlDotNet\Unity.VisualScripting.YamlDotNet.dll
Native extension for WindowsStandalone target not found
Native extension for Android target not found
Refreshing native plugins compatible for Editor in 269.36 ms, found 9 plugins.
Preloading 2 native plugins for Editor in 0.55 ms.
Package Manager log level set to [2]
[XR] OculusXRPlugin: registering subsystems
[XR] Unable to register display lifecyle provider: [1]
[XR] Oculus Input lifecycle provider registered.
[XR] Unable to register input lifecyle provider: [1]
[XR] OVRP version 1.89.1
Mono: successfully reloaded assembly
- Completed reload, in  3.843 seconds
Domain Reload Profiling:
	ReloadAssembly (3846ms)
		BeginReloadAssembly (159ms)
			ExecutionOrderSort (1ms)
			DisableScriptedObjects (6ms)
			BackupInstance (0ms)
			ReleaseScriptingObjects (1ms)
			CreateAndSetChildDomain (27ms)
		EndReloadAssembly (3430ms)
			LoadAssemblies (315ms)
			RebuildTransferFunctionScriptingTraits (0ms)
			SetupTypeCache (495ms)
			ReleaseScriptCaches (8ms)
			RebuildScriptCaches (177ms)
			SetupLoadedEditorAssemblies (2268ms)
				LogAssemblyErrors (0ms)
				InitializePlatformSupportModulesInManaged (20ms)
				SetLoadedEditorAssemblies (0ms)
				RefreshPlugins (270ms)
				BeforeProcessingInitializeOnLoad (363ms)
				ProcessInitializeOnLoadAttributes (1395ms)
				ProcessInitializeOnLoadMethodAttributes (213ms)
				AfterProcessingInitializeOnLoad (6ms)
				EditorAssembliesLoaded (0ms)
			ExecutionOrderSort2 (0ms)
			AwakeInstancesAfterBackupRestoration (7ms)
Platform modules already initialized, skipping
========================================================================
Worker process is ready to serve import requests
Shader 'Oculus/OVRMRCameraFrameLit': fallback shader 'Alpha-Diffuse' not found
Launched and connected shader compiler UnityShaderCompiler.exe after 0.11 seconds
Refreshing native plugins compatible for Editor in 2.42 ms, found 9 plugins.
Preloading 2 native plugins for Editor in 0.75 ms.
Unloading 8292 Unused Serialized files (Serialized files now loaded: 0)
Unloading 99 unused Assets / (0.8 MB). Loaded Objects now: 8722.
Memory consumption went from 313.5 MB to 312.7 MB.
Total: 24.847200 ms (FindLiveObjects: 2.415700 ms CreateObjectMapping: 1.836000 ms MarkObjects: 18.279300 ms  DeleteObjects: 2.311900 ms)

AssetImportParameters requested are different than current active one (requested -> active):
  custom:video-decoder-ogg-theora: a1e56fd34408186e4bbccfd4996cb3dc -> 
  custom:container-muxer-webm: aa71ff27fc2769a1b78a27578f13a17b -> 
  custom:container-demuxer-webm: 4f35f7cbe854078d1ac9338744f61a02 -> 
  custom:video-encoder-webm-vp8: eb34c28f22e8b96e1ab97ce403110664 -> 
  custom:video-codec-MediaFoundation-h265: 746d11721c4dcdbdad8f713fa42b33f4 -> 
  custom:audio-encoder-webm-vorbis: bf7c407c2cedff20999df2af8eb42d56 -> 
  custom:framework-win-MediaFoundation: 216162199b28c13a410421893ffa2e32 -> 
  custom:container-demuxer-ogg: 62fdf1f143b41e24485cea50d1cbac27 -> 
  custom:video-decoder-webm-vp8: 9c59270c3fd7afecdb556c50c9e8de78 -> 
  custom:audio-decoder-ogg-vorbis: bf7c407c2cedff20999df2af8eb42d56 -> 
========================================================================
Received Prepare
Shader 'Oculus/OVRMRCameraFrameLit': fallback shader 'Alpha-Diffuse' not found
Refreshing native plugins compatible for Editor in 36.96 ms, found 9 plugins.
Preloading 2 native plugins for Editor in 0.09 ms.
Unloading 72 Unused Serialized files (Serialized files now loaded: 0)
Unloading 72 unused Assets / (0.8 MB). Loaded Objects now: 8722.
Memory consumption went from 135.7 MB to 134.9 MB.
Total: 12.475500 ms (FindLiveObjects: 0.887500 ms CreateObjectMapping: 0.568900 ms MarkObjects: 9.777800 ms  DeleteObjects: 1.206200 ms)

AssetImportParameters requested are different than current active one (requested -> active):
  custom:video-decoder-ogg-theora: a1e56fd34408186e4bbccfd4996cb3dc -> 
  custom:container-muxer-webm: aa71ff27fc2769a1b78a27578f13a17b -> 
  custom:container-demuxer-webm: 4f35f7cbe854078d1ac9338744f61a02 -> 
  custom:video-encoder-webm-vp8: eb34c28f22e8b96e1ab97ce403110664 -> 
  custom:video-codec-MediaFoundation-h265: 746d11721c4dcdbdad8f713fa42b33f4 -> 
  custom:audio-encoder-webm-vorbis: bf7c407c2cedff20999df2af8eb42d56 -> 
  custom:framework-win-MediaFoundation: 216162199b28c13a410421893ffa2e32 -> 
  custom:container-demuxer-ogg: 62fdf1f143b41e24485cea50d1cbac27 -> 
  custom:video-decoder-webm-vp8: 9c59270c3fd7afecdb556c50c9e8de78 -> 
  custom:audio-decoder-ogg-vorbis: bf7c407c2cedff20999df2af8eb42d56 -> 
========================================================================
Received Import Request.
  Time since last request: 358270.105476 seconds.
  path: Assets/Controller.prefab
  artifactKey: Guid(ab960516f064eca4a94fdefd0cfceb3e) Importer(815301076,1909f56bfc062723c751e8b465ee728b)
Start importing Assets/Controller.prefab using Guid(ab960516f064eca4a94fdefd0cfceb3e) Importer(815301076,1909f56bfc062723c751e8b465ee728b)  -> (artifact id: '66f5bf3f376f9f81fd3296e2d967d812') in 0.237388 seconds 
========================================================================
Received Prepare
Registering precompiled user dll's ...
Registered in 0.012886 seconds.
Begin MonoManager ReloadAssembly
Symbol file LoadedFromMemory doesn't match image C:\Users\azhon\FinalProject\Library\PackageCache\com.unity.visualscripting@1.8.0\Editor\VisualScripting.Core\Dependencies\DotNetZip\Unity.VisualScripting.IonicZip.dll
Symbol file LoadedFromMemory is not a mono symbol file
Symbol file LoadedFromMemory doesn't match image C:\Users\azhon\FinalProject\Library\PackageCache\com.unity.visualscripting@1.8.0\Editor\VisualScripting.Core\Dependencies\YamlDotNet\Unity.VisualScripting.YamlDotNet.dll
Native extension for WindowsStandalone target not found
Native extension for Android target not found
Refreshing native plugins compatible for Editor in 4.57 ms, found 9 plugins.
Preloading 2 native plugins for Editor in 2.66 ms.
Mono: successfully reloaded assembly
- Completed reload, in  3.910 seconds
Domain Reload Profiling:
	ReloadAssembly (3914ms)
		BeginReloadAssembly (1126ms)
			ExecutionOrderSort (0ms)
			DisableScriptedObjects (62ms)
			BackupInstance (0ms)
			ReleaseScriptingObjects (1ms)
			CreateAndSetChildDomain (698ms)
		EndReloadAssembly (2662ms)
			LoadAssemblies (339ms)
			RebuildTransferFunctionScriptingTraits (2ms)
			SetupTypeCache (588ms)
			ReleaseScriptCaches (4ms)
			RebuildScriptCaches (90ms)
			SetupLoadedEditorAssemblies (1596ms)
				LogAssemblyErrors (0ms)
				InitializePlatformSupportModulesInManaged (24ms)
				SetLoadedEditorAssemblies (0ms)
				RefreshPlugins (7ms)
				BeforeProcessingInitializeOnLoad (182ms)
				ProcessInitializeOnLoadAttributes (1085ms)
				ProcessInitializeOnLoadMethodAttributes (289ms)
				AfterProcessingInitializeOnLoad (6ms)
				EditorAssembliesLoaded (2ms)
			ExecutionOrderSort2 (0ms)
			AwakeInstancesAfterBackupRestoration (20ms)
Platform modules already initialized, skipping
Shader 'Oculus/OVRMRCameraFrameLit': fallback shader 'Alpha-Diffuse' not found
Refreshing native plugins compatible for Editor in 55.24 ms, found 9 plugins.
Preloading 2 native plugins for Editor in 0.98 ms.
Unloading 8120 Unused Serialized files (Serialized files now loaded: 0)
Unloading 72 unused Assets / (0.8 MB). Loaded Objects now: 8748.
Memory consumption went from 304.2 MB to 303.4 MB.
Total: 61.796400 ms (FindLiveObjects: 10.281700 ms CreateObjectMapping: 3.516600 ms MarkObjects: 43.610800 ms  DeleteObjects: 4.385100 ms)

AssetImportParameters requested are different than current active one (requested -> active):
  custom:video-decoder-ogg-theora: a1e56fd34408186e4bbccfd4996cb3dc -> 
  custom:container-muxer-webm: aa71ff27fc2769a1b78a27578f13a17b -> 
  custom:container-demuxer-webm: 4f35f7cbe854078d1ac9338744f61a02 -> 
  custom:video-encoder-webm-vp8: eb34c28f22e8b96e1ab97ce403110664 -> 
  custom:video-codec-MediaFoundation-h265: 746d11721c4dcdbdad8f713fa42b33f4 -> 
  custom:audio-encoder-webm-vorbis: bf7c407c2cedff20999df2af8eb42d56 -> 
  custom:framework-win-MediaFoundation: 216162199b28c13a410421893ffa2e32 -> 
  custom:container-demuxer-ogg: 62fdf1f143b41e24485cea50d1cbac27 -> 
  custom:video-decoder-webm-vp8: 9c59270c3fd7afecdb556c50c9e8de78 -> 
  custom:audio-decoder-ogg-vorbis: bf7c407c2cedff20999df2af8eb42d56 -> 
========================================================================
Received Prepare
Registering precompiled user dll's ...
Registered in 0.008063 seconds.
Begin MonoManager ReloadAssembly
Symbol file LoadedFromMemory doesn't match image C:\Users\azhon\FinalProject\Library\PackageCache\com.unity.visualscripting@1.8.0\Editor\VisualScripting.Core\Dependencies\DotNetZip\Unity.VisualScripting.IonicZip.dll
Symbol file LoadedFromMemory is not a mono symbol file
Symbol file LoadedFromMemory doesn't match image C:\Users\azhon\FinalProject\Library\PackageCache\com.unity.visualscripting@1.8.0\Editor\VisualScripting.Core\Dependencies\YamlDotNet\Unity.VisualScripting.YamlDotNet.dll
Native extension for WindowsStandalone target not found
Native extension for Android target not found
Refreshing native plugins compatible for Editor in 4.58 ms, found 9 plugins.
Preloading 2 native plugins for Editor in 0.31 ms.
Mono: successfully reloaded assembly
- Completed reload, in  2.912 seconds
Domain Reload Profiling:
	ReloadAssembly (2915ms)
		BeginReloadAssembly (372ms)
			ExecutionOrderSort (0ms)
			DisableScriptedObjects (8ms)
			BackupInstance (0ms)
			ReleaseScriptingObjects (0ms)
			CreateAndSetChildDomain (148ms)
		EndReloadAssembly (2412ms)
			LoadAssemblies (384ms)
			RebuildTransferFunctionScriptingTraits (1ms)
			SetupTypeCache (500ms)
			ReleaseScriptCaches (5ms)
			RebuildScriptCaches (71ms)
			SetupLoadedEditorAssemblies (1434ms)
				LogAssemblyErrors (0ms)
				InitializePlatformSupportModulesInManaged (27ms)
				SetLoadedEditorAssemblies (1ms)
				RefreshPlugins (5ms)
				BeforeProcessingInitializeOnLoad (163ms)
				ProcessInitializeOnLoadAttributes (984ms)
				ProcessInitializeOnLoadMethodAttributes (243ms)
				AfterProcessingInitializeOnLoad (7ms)
				EditorAssembliesLoaded (4ms)
			ExecutionOrderSort2 (0ms)
			AwakeInstancesAfterBackupRestoration (12ms)
Platform modules already initialized, skipping
Shader 'Oculus/OVRMRCameraFrameLit': fallback shader 'Alpha-Diffuse' not found
Refreshing native plugins compatible for Editor in 21.85 ms, found 9 plugins.
Preloading 2 native plugins for Editor in 2.36 ms.
Unloading 8120 Unused Serialized files (Serialized files now loaded: 0)
Unloading 72 unused Assets / (0.8 MB). Loaded Objects now: 8764.
Memory consumption went from 304.2 MB to 303.4 MB.
Total: 27.498100 ms (FindLiveObjects: 1.613700 ms CreateObjectMapping: 7.111100 ms MarkObjects: 17.067300 ms  DeleteObjects: 1.701900 ms)

AssetImportParameters requested are different than current active one (requested -> active):
  custom:video-decoder-ogg-theora: a1e56fd34408186e4bbccfd4996cb3dc -> 
  custom:container-muxer-webm: aa71ff27fc2769a1b78a27578f13a17b -> 
  custom:container-demuxer-webm: 4f35f7cbe854078d1ac9338744f61a02 -> 
  custom:video-encoder-webm-vp8: eb34c28f22e8b96e1ab97ce403110664 -> 
  custom:video-codec-MediaFoundation-h265: 746d11721c4dcdbdad8f713fa42b33f4 -> 
  custom:audio-encoder-webm-vorbis: bf7c407c2cedff20999df2af8eb42d56 -> 
  custom:framework-win-MediaFoundation: 216162199b28c13a410421893ffa2e32 -> 
  custom:container-demuxer-ogg: 62fdf1f143b41e24485cea50d1cbac27 -> 
  custom:video-decoder-webm-vp8: 9c59270c3fd7afecdb556c50c9e8de78 -> 
  custom:audio-decoder-ogg-vorbis: bf7c407c2cedff20999df2af8eb42d56 -> 
========================================================================
Received Prepare
Registering precompiled user dll's ...
Registered in 0.026621 seconds.
Begin MonoManager ReloadAssembly
Symbol file LoadedFromMemory doesn't match image C:\Users\azhon\FinalProject\Library\PackageCache\com.unity.visualscripting@1.8.0\Editor\VisualScripting.Core\Dependencies\DotNetZip\Unity.VisualScripting.IonicZip.dll
Symbol file LoadedFromMemory is not a mono symbol file
Symbol file LoadedFromMemory doesn't match image C:\Users\azhon\FinalProject\Library\PackageCache\com.unity.visualscripting@1.8.0\Editor\VisualScripting.Core\Dependencies\YamlDotNet\Unity.VisualScripting.YamlDotNet.dll
Native extension for WindowsStandalone target not found
Native extension for Android target not found
Refreshing native plugins compatible for Editor in 2.31 ms, found 9 plugins.
Preloading 2 native plugins for Editor in 0.16 ms.
Mono: successfully reloaded assembly
- Completed reload, in  1.869 seconds
Domain Reload Profiling:
	ReloadAssembly (1869ms)
		BeginReloadAssembly (217ms)
			ExecutionOrderSort (0ms)
			DisableScriptedObjects (4ms)
			BackupInstance (0ms)
			ReleaseScriptingObjects (0ms)
			CreateAndSetChildDomain (67ms)
		EndReloadAssembly (1547ms)
			LoadAssemblies (343ms)
			RebuildTransferFunctionScriptingTraits (0ms)
			SetupTypeCache (365ms)
			ReleaseScriptCaches (3ms)
			RebuildScriptCaches (66ms)
			SetupLoadedEditorAssemblies (773ms)
				LogAssemblyErrors (0ms)
				InitializePlatformSupportModulesInManaged (18ms)
				SetLoadedEditorAssemblies (0ms)
				RefreshPlugins (3ms)
				BeforeProcessingInitializeOnLoad (117ms)
				ProcessInitializeOnLoadAttributes (455ms)
				ProcessInitializeOnLoadMethodAttributes (173ms)
				AfterProcessingInitializeOnLoad (6ms)
				EditorAssembliesLoaded (0ms)
			ExecutionOrderSort2 (0ms)
			AwakeInstancesAfterBackupRestoration (6ms)
Platform modules already initialized, skipping
Shader 'Oculus/OVRMRCameraFrameLit': fallback shader 'Alpha-Diffuse' not found
Refreshing native plugins compatible for Editor in 11.07 ms, found 9 plugins.
Preloading 2 native plugins for Editor in 0.17 ms.
Unloading 8120 Unused Serialized files (Serialized files now loaded: 0)
Unloading 72 unused Assets / (0.8 MB). Loaded Objects now: 8780.
Memory consumption went from 304.2 MB to 303.4 MB.
Total: 10.476400 ms (FindLiveObjects: 0.991100 ms CreateObjectMapping: 0.374200 ms MarkObjects: 8.485100 ms  DeleteObjects: 0.623300 ms)

AssetImportParameters requested are different than current active one (requested -> active):
  custom:video-decoder-ogg-theora: a1e56fd34408186e4bbccfd4996cb3dc -> 
  custom:container-muxer-webm: aa71ff27fc2769a1b78a27578f13a17b -> 
  custom:container-demuxer-webm: 4f35f7cbe854078d1ac9338744f61a02 -> 
  custom:video-encoder-webm-vp8: eb34c28f22e8b96e1ab97ce403110664 -> 
  custom:video-codec-MediaFoundation-h265: 746d11721c4dcdbdad8f713fa42b33f4 -> 
  custom:audio-encoder-webm-vorbis: bf7c407c2cedff20999df2af8eb42d56 -> 
  custom:framework-win-MediaFoundation: 216162199b28c13a410421893ffa2e32 -> 
  custom:container-demuxer-ogg: 62fdf1f143b41e24485cea50d1cbac27 -> 
  custom:video-decoder-webm-vp8: 9c59270c3fd7afecdb556c50c9e8de78 -> 
  custom:audio-decoder-ogg-vorbis: bf7c407c2cedff20999df2af8eb42d56 -> 
========================================================================
Received Prepare
Shader 'Oculus/OVRMRCameraFrameLit': fallback shader 'Alpha-Diffuse' not found
Refreshing native plugins compatible for Editor in 94.67 ms, found 9 plugins.
Preloading 2 native plugins for Editor in 1.87 ms.
Unloading 72 Unused Serialized files (Serialized files now loaded: 0)
Unloading 72 unused Assets / (0.8 MB). Loaded Objects now: 8780.
Memory consumption went from 141.0 MB to 140.3 MB.
Total: 391.049500 ms (FindLiveObjects: 4.493800 ms CreateObjectMapping: 0.615600 ms MarkObjects: 383.364300 ms  DeleteObjects: 2.571400 ms)

AssetImportParameters requested are different than current active one (requested -> active):
  custom:video-decoder-ogg-theora: a1e56fd34408186e4bbccfd4996cb3dc -> 
  custom:container-muxer-webm: aa71ff27fc2769a1b78a27578f13a17b -> 
  custom:container-demuxer-webm: 4f35f7cbe854078d1ac9338744f61a02 -> 
  custom:video-encoder-webm-vp8: eb34c28f22e8b96e1ab97ce403110664 -> 
  custom:video-codec-MediaFoundation-h265: 746d11721c4dcdbdad8f713fa42b33f4 -> 
  custom:audio-encoder-webm-vorbis: bf7c407c2cedff20999df2af8eb42d56 -> 
  custom:framework-win-MediaFoundation: 216162199b28c13a410421893ffa2e32 -> 
  custom:container-demuxer-ogg: 62fdf1f143b41e24485cea50d1cbac27 -> 
  custom:video-decoder-webm-vp8: 9c59270c3fd7afecdb556c50c9e8de78 -> 
  custom:audio-decoder-ogg-vorbis: bf7c407c2cedff20999df2af8eb42d56 -> 
========================================================================
Received Import Request.
  Time since last request: 4594.623891 seconds.
  path: Assets/Bullet.prefab
  artifactKey: Guid(b2b62bf073f8fda41a2765391b2c4d13) Importer(815301076,1909f56bfc062723c751e8b465ee728b)
Start importing Assets/Bullet.prefab using Guid(b2b62bf073f8fda41a2765391b2c4d13) Importer(815301076,1909f56bfc062723c751e8b465ee728b)  -> (artifact id: '259e97709813379a7f9b5c35404f46e8') in 2.350983 seconds 
========================================================================
Received Import Request.
  Time since last request: 13.337051 seconds.
  path: Assets/Bullet.prefab
  artifactKey: Guid(b2b62bf073f8fda41a2765391b2c4d13) Importer(815301076,1909f56bfc062723c751e8b465ee728b)
Start importing Assets/Bullet.prefab using Guid(b2b62bf073f8fda41a2765391b2c4d13) Importer(815301076,1909f56bfc062723c751e8b465ee728b)  -> (artifact id: '926cd9361ec3aee227292de61d137998') in 0.030792 seconds 
========================================================================
Received Import Request.
  Time since last request: 4.258086 seconds.
  path: Assets/Bullet.prefab
  artifactKey: Guid(b2b62bf073f8fda41a2765391b2c4d13) Importer(815301076,1909f56bfc062723c751e8b465ee728b)
Start importing Assets/Bullet.prefab using Guid(b2b62bf073f8fda41a2765391b2c4d13) Importer(815301076,1909f56bfc062723c751e8b465ee728b)  -> (artifact id: 'fb9ab0ecd3eb26058261c9d549dd9063') in 0.022530 seconds 
========================================================================
Received Prepare
Shader 'Oculus/OVRMRCameraFrameLit': fallback shader 'Alpha-Diffuse' not found
Refreshing native plugins compatible for Editor in 113.70 ms, found 9 plugins.
Preloading 2 native plugins for Editor in 7.36 ms.
Unloading 72 Unused Serialized files (Serialized files now loaded: 0)
Unloading 72 unused Assets / (0.8 MB). Loaded Objects now: 8782.
Memory consumption went from 139.1 MB to 138.3 MB.
Total: 435.962000 ms (FindLiveObjects: 1.475300 ms CreateObjectMapping: 0.447400 ms MarkObjects: 432.128800 ms  DeleteObjects: 1.908400 ms)

AssetImportParameters requested are different than current active one (requested -> active):
  custom:video-decoder-ogg-theora: a1e56fd34408186e4bbccfd4996cb3dc -> 
  custom:container-muxer-webm: aa71ff27fc2769a1b78a27578f13a17b -> 
  custom:container-demuxer-webm: 4f35f7cbe854078d1ac9338744f61a02 -> 
  custom:video-encoder-webm-vp8: eb34c28f22e8b96e1ab97ce403110664 -> 
  custom:video-codec-MediaFoundation-h265: 746d11721c4dcdbdad8f713fa42b33f4 -> 
  custom:audio-encoder-webm-vorbis: bf7c407c2cedff20999df2af8eb42d56 -> 
  custom:framework-win-MediaFoundation: 216162199b28c13a410421893ffa2e32 -> 
  custom:container-demuxer-ogg: 62fdf1f143b41e24485cea50d1cbac27 -> 
  custom:video-decoder-webm-vp8: 9c59270c3fd7afecdb556c50c9e8de78 -> 
  custom:audio-decoder-ogg-vorbis: bf7c407c2cedff20999df2af8eb42d56 -> 
========================================================================
Received Import Request.
  Time since last request: 1124.882323 seconds.
  path: Assets/Bullet.prefab
  artifactKey: Guid(b2b62bf073f8fda41a2765391b2c4d13) Importer(815301076,1909f56bfc062723c751e8b465ee728b)
Start importing Assets/Bullet.prefab using Guid(b2b62bf073f8fda41a2765391b2c4d13) Importer(815301076,1909f56bfc062723c751e8b465ee728b)  -> (artifact id: 'd41a8f9844c2b20edec09d1241f65c72') in 0.667599 seconds 
========================================================================
Received Import Request.
  Time since last request: 129.262371 seconds.
  path: Assets/Oculus/Interaction/Samples/Objects/Environment/Room/Models/backgroundSkyDome.fbx
  artifactKey: Guid(216e64467da9e644b990c6663f483186) Importer(815301076,1909f56bfc062723c751e8b465ee728b)
Start importing Assets/Oculus/Interaction/Samples/Objects/Environment/Room/Models/backgroundSkyDome.fbx using Guid(216e64467da9e644b990c6663f483186) Importer(815301076,1909f56bfc062723c751e8b465ee728b)  -> (artifact id: 'acd1ccc1fe1b75cb6a7f9e9c74a9073b') in 1.491620 seconds 
========================================================================
Received Import Request.
  Time since last request: 0.000131 seconds.
  path: Assets/Oculus/SampleFramework/Usage/SharedAssets/Models/door_01.fbx
  artifactKey: Guid(1abf38d82ed5948a6a28aad10d61b678) Importer(815301076,1909f56bfc062723c751e8b465ee728b)
Start importing Assets/Oculus/SampleFramework/Usage/SharedAssets/Models/door_01.fbx using Guid(1abf38d82ed5948a6a28aad10d61b678) Importer(815301076,1909f56bfc062723c751e8b465ee728b)  -> (artifact id: '59a3733ae102ad99354376b946457b3f') in 0.627984 seconds 
========================================================================
Received Import Request.
  Time since last request: 0.000068 seconds.
  path: Assets/Oculus/Interaction/Samples/Objects/Props/BigRedButton/Models/BigRedButton.fbx
  artifactKey: Guid(4f056151902f3214fb1294871c8c9718) Importer(815301076,1909f56bfc062723c751e8b465ee728b)
Start importing Assets/Oculus/Interaction/Samples/Objects/Props/BigRedButton/Models/BigRedButton.fbx using Guid(4f056151902f3214fb1294871c8c9718) Importer(815301076,1909f56bfc062723c751e8b465ee728b)  -> (artifact id: '9c48fc5cd512bf83509abb139f451e11') in 0.453673 seconds 
========================================================================
Received Import Request.
  Time since last request: 0.000104 seconds.
  path: Assets/Oculus/LipSync/Models/FemaleHead_Morph/Female.fbx
  artifactKey: Guid(cbaf1c32e7ec84f10a51be1b09c0ef46) Importer(815301076,1909f56bfc062723c751e8b465ee728b)
Start importing Assets/Oculus/LipSync/Models/FemaleHead_Morph/Female.fbx using Guid(cbaf1c32e7ec84f10a51be1b09c0ef46) Importer(815301076,1909f56bfc062723c751e8b465ee728b)  -> (artifact id: '3374705ddc544f136b1366a7be7333df') in 1.179354 seconds 
========================================================================
Received Import Request.
  Time since last request: 0.000085 seconds.
  path: Assets/Oculus/SampleFramework/Usage/Locomotion/Models/Cube_1_3.fbx
  artifactKey: Guid(ced5e2b8b344542e3ba04620048ca68b) Importer(815301076,1909f56bfc062723c751e8b465ee728b)
Start importing Assets/Oculus/SampleFramework/Usage/Locomotion/Models/Cube_1_3.fbx using Guid(ced5e2b8b344542e3ba04620048ca68b) Importer(815301076,1909f56bfc062723c751e8b465ee728b)  -> (artifact id: '3d05684e41e22d9b588b3ca23801c493') in 0.129139 seconds 
========================================================================
Received Import Request.
  Time since last request: 0.000055 seconds.
  path: Assets/Oculus/SampleFramework/Usage/Locomotion/Models/Cube_1x1.fbx
  artifactKey: Guid(f05f2734ffbf9414ba58a734f87730bd) Importer(815301076,1909f56bfc062723c751e8b465ee728b)
Start importing Assets/Oculus/SampleFramework/Usage/Locomotion/Models/Cube_1x1.fbx using Guid(f05f2734ffbf9414ba58a734f87730bd) Importer(815301076,1909f56bfc062723c751e8b465ee728b)  -> (artifact id: '91ad38b89355cda15d1e8b354b22cf9a') in 0.138753 seconds 
========================================================================
Received Import Request.
  Time since last request: 0.000130 seconds.
  path: Assets/Oculus/SampleFramework/Usage/SharedAssets/Models/ball_soccer_01.fbx
  artifactKey: Guid(dfd14d25717789f4796c172f0155c366) Importer(815301076,1909f56bfc062723c751e8b465ee728b)
Start importing Assets/Oculus/SampleFramework/Usage/SharedAssets/Models/ball_soccer_01.fbx using Guid(dfd14d25717789f4796c172f0155c366) Importer(815301076,1909f56bfc062723c751e8b465ee728b)  -> (artifact id: '08f54f9b1e3abaaa94a5dcebe8075eed') in 0.119839 seconds 
========================================================================
Received Import Request.
  Time since last request: 0.000066 seconds.
  path: Assets/Oculus/Interaction/Samples/Objects/Props/Box/Models/Box.fbx
  artifactKey: Guid(2711a10ba6518d34cb77d80f3125f3c1) Importer(815301076,1909f56bfc062723c751e8b465ee728b)
Start importing Assets/Oculus/Interaction/Samples/Objects/Props/Box/Models/Box.fbx using Guid(2711a10ba6518d34cb77d80f3125f3c1) Importer(815301076,1909f56bfc062723c751e8b465ee728b)  -> (artifact id: '1a5ead88dcf461e1b078dfdd2c9416c1') in 0.350381 seconds 
========================================================================
Received Import Request.
  Time since last request: 0.000083 seconds.
  path: Assets/Oculus/SampleFramework/Usage/Locomotion/Models/Cube_1_1.fbx
  artifactKey: Guid(502c3d024430a46e1a352dd7c830b88e) Importer(815301076,1909f56bfc062723c751e8b465ee728b)
Start importing Assets/Oculus/SampleFramework/Usage/Locomotion/Models/Cube_1_1.fbx using Guid(502c3d024430a46e1a352dd7c830b88e) Importer(815301076,1909f56bfc062723c751e8b465ee728b)  -> (artifact id: '2b7e17e5f4f56e6214bb24685a8db393') in 0.101621 seconds 
========================================================================
Received Import Request.
  Time since last request: 0.000081 seconds.
  path: Assets/Oculus/SampleFramework/Usage/Locomotion/Models/BridgePlatform01.fbx
  artifactKey: Guid(45fe47bcb515e419e8d449523fac0782) Importer(815301076,1909f56bfc062723c751e8b465ee728b)
Start importing Assets/Oculus/SampleFramework/Usage/Locomotion/Models/BridgePlatform01.fbx using Guid(45fe47bcb515e419e8d449523fac0782) Importer(815301076,1909f56bfc062723c751e8b465ee728b)  -> (artifact id: 'd8f6b13e9b12bcbe8a72c9922adc178c') in 0.107768 seconds 
========================================================================
Received Import Request.
  Time since last request: 0.000082 seconds.
  path: Assets/Oculus/SampleFramework/Usage/Locomotion/Models/GroundSection01.fbx
  artifactKey: Guid(3b3b1c9d534014038a8a08e1d286b9f4) Importer(815301076,1909f56bfc062723c751e8b465ee728b)
Start importing Assets/Oculus/SampleFramework/Usage/Locomotion/Models/GroundSection01.fbx using Guid(3b3b1c9d534014038a8a08e1d286b9f4) Importer(815301076,1909f56bfc062723c751e8b465ee728b)  -> (artifact id: '791dc0c6f293772bb100d84b6a284928') in 0.687815 seconds 
========================================================================
Received Import Request.
  Time since last request: 0.000166 seconds.
  path: Assets/Oculus/Interaction/Samples/Objects/Props/CoffeeCup/CoffeeCup.fbx
  artifactKey: Guid(18689f733cbf0774ab1dd44b2bd0043d) Importer(815301076,1909f56bfc062723c751e8b465ee728b)
Start importing Assets/Oculus/Interaction/Samples/Objects/Props/CoffeeCup/CoffeeCup.fbx using Guid(18689f733cbf0774ab1dd44b2bd0043d) Importer(815301076,1909f56bfc062723c751e8b465ee728b)  -> (artifact id: '793993eb3269ca79eb4bc05a4ecb0601') in 0.197112 seconds 
========================================================================
Received Import Request.
  Time since last request: 0.000209 seconds.
  path: Assets/Oculus/SampleFramework/Usage/Locomotion/Models/Cube_1_9.fbx
  artifactKey: Guid(27b0bc30a7a594c8ebf062ec735d41e0) Importer(815301076,1909f56bfc062723c751e8b465ee728b)
Start importing Assets/Oculus/SampleFramework/Usage/Locomotion/Models/Cube_1_9.fbx using Guid(27b0bc30a7a594c8ebf062ec735d41e0) Importer(815301076,1909f56bfc062723c751e8b465ee728b)  -> (artifact id: '482f9ffa6e37b1031d2f3fb49d82e2c2') in 0.117060 seconds 
========================================================================
Received Import Request.
  Time since last request: 0.000044 seconds.
  path: Assets/Oculus/Spatializer/scenes/Standard Assets/Character Controllers/Sources/PrototypeCharacter/Constructor.FBX
  artifactKey: Guid(449b48f7eb5d87a4baaa5fb73f875a59) Importer(815301076,1909f56bfc062723c751e8b465ee728b)
Start importing Assets/Oculus/Spatializer/scenes/Standard Assets/Character Controllers/Sources/PrototypeCharacter/Constructor.FBX using Guid(449b48f7eb5d87a4baaa5fb73f875a59) Importer(815301076,1909f56bfc062723c751e8b465ee728b)  -> (artifact id: '473ce6c942f6be5127dd4ec05668135f') in 0.233620 seconds 
========================================================================
Received Import Request.
  Time since last request: 0.000061 seconds.
  path: Assets/Oculus/SampleFramework/Usage/Locomotion/Models/Cube_1_4.fbx
  artifactKey: Guid(224c38915b3804120a195b495c4d21e2) Importer(815301076,1909f56bfc062723c751e8b465ee728b)
Start importing Assets/Oculus/SampleFramework/Usage/Locomotion/Models/Cube_1_4.fbx using Guid(224c38915b3804120a195b495c4d21e2) Importer(815301076,1909f56bfc062723c751e8b465ee728b)  -> (artifact id: 'd0bc5ad9a4e606c6566d243be4e0b502') in 0.096223 seconds 
========================================================================
Received Import Request.
  Time since last request: 0.000073 seconds.
  path: Assets/Oculus/SampleFramework/Usage/Locomotion/Models/Cube_1_8.fbx
  artifactKey: Guid(5e499b0e5bd2f4813ac6a5fc723b3d44) Importer(815301076,1909f56bfc062723c751e8b465ee728b)
Start importing Assets/Oculus/SampleFramework/Usage/Locomotion/Models/Cube_1_8.fbx using Guid(5e499b0e5bd2f4813ac6a5fc723b3d44) Importer(815301076,1909f56bfc062723c751e8b465ee728b)  -> (artifact id: '9346b34417b0235bb2c4567ccdc42e8f') in 0.124887 seconds 
========================================================================
Received Import Request.
  Time since last request: 0.000038 seconds.
  path: Assets/Oculus/SampleFramework/Usage/Locomotion/Models/Cube_1_7.fbx
  artifactKey: Guid(aa48aa7918416413d960ff8645fafc1f) Importer(815301076,1909f56bfc062723c751e8b465ee728b)
Start importing Assets/Oculus/SampleFramework/Usage/Locomotion/Models/Cube_1_7.fbx using Guid(aa48aa7918416413d960ff8645fafc1f) Importer(815301076,1909f56bfc062723c751e8b465ee728b)  -> (artifact id: '82eb22fddf4ceb4ae513e5db71354e47') in 0.095680 seconds 
========================================================================
Received Import Request.
  Time since last request: 0.000069 seconds.
  path: Assets/Oculus/SampleFramework/Usage/SharedAssets/Models/ball_billiard_10.fbx
  artifactKey: Guid(4a42e5011990d97479599bd0c3f4f7bb) Importer(815301076,1909f56bfc062723c751e8b465ee728b)
Start importing Assets/Oculus/SampleFramework/Usage/SharedAssets/Models/ball_billiard_10.fbx using Guid(4a42e5011990d97479599bd0c3f4f7bb) Importer(815301076,1909f56bfc062723c751e8b465ee728b)  -> (artifact id: '034f40bbf6824565d77b11e71e4f90a1') in 0.121063 seconds 
========================================================================
Received Import Request.
  Time since last request: 0.000085 seconds.
  path: Assets/Oculus/SampleFramework/Usage/Locomotion/Models/BlockSunken_01.fbx
  artifactKey: Guid(2e61cf7303ea3498891f76a09f2fcc60) Importer(815301076,1909f56bfc062723c751e8b465ee728b)
Start importing Assets/Oculus/SampleFramework/Usage/Locomotion/Models/BlockSunken_01.fbx using Guid(2e61cf7303ea3498891f76a09f2fcc60) Importer(815301076,1909f56bfc062723c751e8b465ee728b)  -> (artifact id: '9988b1711c00a2d5c962573051e87032') in 0.184484 seconds 
========================================================================
Received Import Request.
  Time since last request: 0.000059 seconds.
  path: Assets/Oculus/SampleFramework/Usage/Locomotion/Models/Cube_1x4.fbx
  artifactKey: Guid(24da116da1bdc42f9baa1d364abfbf73) Importer(815301076,1909f56bfc062723c751e8b465ee728b)
Start importing Assets/Oculus/SampleFramework/Usage/Locomotion/Models/Cube_1x4.fbx using Guid(24da116da1bdc42f9baa1d364abfbf73) Importer(815301076,1909f56bfc062723c751e8b465ee728b)  -> (artifact id: '8a5ad43eb01fe9ebd771aa0b72c14a82') in 0.139963 seconds 
========================================================================
Received Import Request.
  Time since last request: 0.000212 seconds.
  path: Assets/Oculus/SampleFramework/Usage/Locomotion/Models/Cube_1_10.fbx
  artifactKey: Guid(40647bdf142454da38ca8b4c0fb495a8) Importer(815301076,1909f56bfc062723c751e8b465ee728b)
Start importing Assets/Oculus/SampleFramework/Usage/Locomotion/Models/Cube_1_10.fbx using Guid(40647bdf142454da38ca8b4c0fb495a8) Importer(815301076,1909f56bfc062723c751e8b465ee728b)  -> (artifact id: 'f9d85c489ead7e04982ed60f80224543') in 0.154126 seconds 
========================================================================
Received Import Request.
  Time since last request: 0.000109 seconds.
  path: Assets/Oculus/SampleFramework/Usage/SharedAssets/Models/block_wood_01.fbx
  artifactKey: Guid(6ec0c875cb1c94e40afcad0a0161eb4e) Importer(815301076,1909f56bfc062723c751e8b465ee728b)
Start importing Assets/Oculus/SampleFramework/Usage/SharedAssets/Models/block_wood_01.fbx using Guid(6ec0c875cb1c94e40afcad0a0161eb4e) Importer(815301076,1909f56bfc062723c751e8b465ee728b)  -> (artifact id: '7308b09a5855b66005ea50d246486840') in 0.159940 seconds 
========================================================================
Received Import Request.
  Time since last request: 0.000043 seconds.
  path: Assets/Oculus/SampleFramework/Usage/Locomotion/Models/Cube_1_5.fbx
  artifactKey: Guid(662b03c631561489b914cc45ca1ef4ff) Importer(815301076,1909f56bfc062723c751e8b465ee728b)
Start importing Assets/Oculus/SampleFramework/Usage/Locomotion/Models/Cube_1_5.fbx using Guid(662b03c631561489b914cc45ca1ef4ff) Importer(815301076,1909f56bfc062723c751e8b465ee728b)  -> (artifact id: '037f334dbd503b41e295070324419a6b') in 0.095532 seconds 
========================================================================
Received Import Request.
  Time since last request: 0.000073 seconds.
  path: Assets/Oculus/SampleFramework/Usage/Locomotion/Models/Cube_1_6.fbx
  artifactKey: Guid(3b72cd902d6ce4108ba2ae9e9fad4df4) Importer(815301076,1909f56bfc062723c751e8b465ee728b)
Start importing Assets/Oculus/SampleFramework/Usage/Locomotion/Models/Cube_1_6.fbx using Guid(3b72cd902d6ce4108ba2ae9e9fad4df4) Importer(815301076,1909f56bfc062723c751e8b465ee728b)  -> (artifact id: '4c4105797a2983822a182e397abbd0c3') in 0.105042 seconds 
========================================================================
Received Import Request.
  Time since last request: 71.248574 seconds.
  path: Assets/Oculus/SampleFramework/Usage/Passthrough/Materials/OculusGlow.mat
  artifactKey: Guid(045a1929a97ff9b47aa45e3bb5d92f7d) Importer(815301076,1909f56bfc062723c751e8b465ee728b)
Start importing Assets/Oculus/SampleFramework/Usage/Passthrough/Materials/OculusGlow.mat using Guid(045a1929a97ff9b47aa45e3bb5d92f7d) Importer(815301076,1909f56bfc062723c751e8b465ee728b)  -> (artifact id: '2d26d20a8870d1cebc2e56431af33de5') in 0.660105 seconds 
========================================================================
Received Import Request.
  Time since last request: 0.858636 seconds.
  path: Assets/Oculus/SampleFramework/Core/TouchControllers/Materials/R_controller_gloss_MAT.mat
  artifactKey: Guid(6dca398ec6487b142811f0497ed47f6d) Importer(815301076,1909f56bfc062723c751e8b465ee728b)
Start importing Assets/Oculus/SampleFramework/Core/TouchControllers/Materials/R_controller_gloss_MAT.mat using Guid(6dca398ec6487b142811f0497ed47f6d) Importer(815301076,1909f56bfc062723c751e8b465ee728b)  -> (artifact id: 'e7edd0847feeb384c689daa0460503f1') in 0.252976 seconds 
========================================================================
Received Import Request.
  Time since last request: 108.377931 seconds.
  path: Assets/Oculus/Interaction/Samples/Objects/Props/Plants/Textures/PlantSetMat_Albedo.png
  artifactKey: Guid(423ca6e1b31840c418cba95f228aec8c) Importer(815301076,1909f56bfc062723c751e8b465ee728b)
Start importing Assets/Oculus/Interaction/Samples/Objects/Props/Plants/Textures/PlantSetMat_Albedo.png using Guid(423ca6e1b31840c418cba95f228aec8c) Importer(815301076,1909f56bfc062723c751e8b465ee728b)  -> (artifact id: '5a35bb25131e7622ed37d1c93dc2cf54') in 0.429565 seconds 
========================================================================
Received Prepare
Registering precompiled user dll's ...
Registered in 0.007867 seconds.
Begin MonoManager ReloadAssembly
Symbol file LoadedFromMemory doesn't match image C:\Users\azhon\FinalProject\Library\PackageCache\com.unity.visualscripting@1.8.0\Editor\VisualScripting.Core\Dependencies\DotNetZip\Unity.VisualScripting.IonicZip.dll
Symbol file LoadedFromMemory is not a mono symbol file
Symbol file LoadedFromMemory doesn't match image C:\Users\azhon\FinalProject\Library\PackageCache\com.unity.visualscripting@1.8.0\Editor\VisualScripting.Core\Dependencies\YamlDotNet\Unity.VisualScripting.YamlDotNet.dll
Native extension for WindowsStandalone target not found
Native extension for Android target not found
Refreshing native plugins compatible for Editor in 6.07 ms, found 9 plugins.
Preloading 2 native plugins for Editor in 4.96 ms.
Mono: successfully reloaded assembly
- Completed reload, in  5.485 seconds
Domain Reload Profiling:
	ReloadAssembly (5492ms)
		BeginReloadAssembly (1761ms)
			ExecutionOrderSort (0ms)
			DisableScriptedObjects (90ms)
			BackupInstance (0ms)
			ReleaseScriptingObjects (0ms)
			CreateAndSetChildDomain (1034ms)
		EndReloadAssembly (3492ms)
			LoadAssemblies (592ms)
			RebuildTransferFunctionScriptingTraits (1ms)
			SetupTypeCache (1134ms)
			ReleaseScriptCaches (114ms)
			RebuildScriptCaches (125ms)
			SetupLoadedEditorAssemblies (1597ms)
				LogAssemblyErrors (0ms)
				InitializePlatformSupportModulesInManaged (39ms)
				SetLoadedEditorAssemblies (2ms)
				RefreshPlugins (11ms)
				BeforeProcessingInitializeOnLoad (226ms)
				ProcessInitializeOnLoadAttributes (1080ms)
				ProcessInitializeOnLoadMethodAttributes (231ms)
				AfterProcessingInitializeOnLoad (7ms)
				EditorAssembliesLoaded (1ms)
			ExecutionOrderSort2 (0ms)
			AwakeInstancesAfterBackupRestoration (9ms)
Platform modules already initialized, skipping
Shader 'Oculus/OVRMRCameraFrameLit': fallback shader 'Alpha-Diffuse' not found
Refreshing native plugins compatible for Editor in 38.39 ms, found 9 plugins.
Preloading 2 native plugins for Editor in 0.54 ms.
Unloading 8120 Unused Serialized files (Serialized files now loaded: 0)
Unloading 72 unused Assets / (0.8 MB). Loaded Objects now: 8839.
Memory consumption went from 318.0 MB to 317.2 MB.
Total: 97.835700 ms (FindLiveObjects: 4.309400 ms CreateObjectMapping: 4.044200 ms MarkObjects: 87.449100 ms  DeleteObjects: 2.028000 ms)

AssetImportParameters requested are different than current active one (requested -> active):
  custom:video-decoder-ogg-theora: a1e56fd34408186e4bbccfd4996cb3dc -> 
  custom:container-muxer-webm: aa71ff27fc2769a1b78a27578f13a17b -> 
  custom:container-demuxer-webm: 4f35f7cbe854078d1ac9338744f61a02 -> 
  custom:video-encoder-webm-vp8: eb34c28f22e8b96e1ab97ce403110664 -> 
  custom:video-codec-MediaFoundation-h265: 746d11721c4dcdbdad8f713fa42b33f4 -> 
  custom:audio-encoder-webm-vorbis: bf7c407c2cedff20999df2af8eb42d56 -> 
  custom:framework-win-MediaFoundation: 216162199b28c13a410421893ffa2e32 -> 
  custom:container-demuxer-ogg: 62fdf1f143b41e24485cea50d1cbac27 -> 
  custom:video-decoder-webm-vp8: 9c59270c3fd7afecdb556c50c9e8de78 -> 
  custom:audio-decoder-ogg-vorbis: bf7c407c2cedff20999df2af8eb42d56 -> 
========================================================================
Received Prepare
Shader 'Oculus/OVRMRCameraFrameLit': fallback shader 'Alpha-Diffuse' not found
Refreshing native plugins compatible for Editor in 63.69 ms, found 9 plugins.
Preloading 2 native plugins for Editor in 0.12 ms.
Unloading 72 Unused Serialized files (Serialized files now loaded: 0)
Unloading 72 unused Assets / (0.8 MB). Loaded Objects now: 8839.
Memory consumption went from 154.8 MB to 154.0 MB.
Total: 13.901700 ms (FindLiveObjects: 1.272300 ms CreateObjectMapping: 0.588900 ms MarkObjects: 10.937300 ms  DeleteObjects: 1.101300 ms)

AssetImportParameters requested are different than current active one (requested -> active):
  custom:video-decoder-ogg-theora: a1e56fd34408186e4bbccfd4996cb3dc -> 
  custom:container-muxer-webm: aa71ff27fc2769a1b78a27578f13a17b -> 
  custom:container-demuxer-webm: 4f35f7cbe854078d1ac9338744f61a02 -> 
  custom:video-encoder-webm-vp8: eb34c28f22e8b96e1ab97ce403110664 -> 
  custom:video-codec-MediaFoundation-h265: 746d11721c4dcdbdad8f713fa42b33f4 -> 
  custom:audio-encoder-webm-vorbis: bf7c407c2cedff20999df2af8eb42d56 -> 
  custom:framework-win-MediaFoundation: 216162199b28c13a410421893ffa2e32 -> 
  custom:container-demuxer-ogg: 62fdf1f143b41e24485cea50d1cbac27 -> 
  custom:video-decoder-webm-vp8: 9c59270c3fd7afecdb556c50c9e8de78 -> 
  custom:audio-decoder-ogg-vorbis: bf7c407c2cedff20999df2af8eb42d56 -> 
