Using pre-set license
Built from '2021.3/staging' branch; Version is '2021.3.20f1 (577897200b8b) revision 5732503'; Using compiler version '192829333'; Build Type 'Release'
OS: 'Windows 11  (10.0.22631) 64bit Professional' Language: 'ru' Physical Memory: 7599 MB
BatchMode: 1, IsHumanControllingUs: 0, StartBugReporterOnCrash: 0, Is64bit: 1, IsPro: 1

COMMAND LINE ARGUMENTS:
C:\Program Files\Unity\Hub\Editor\2021.3.20f1\Editor\Unity.exe
-adb2
-batchMode
-noUpm
-name
AssetImportWorker17
-projectPath
C:/Users/azhon/FinalProject
-logFile
Logs/AssetImportWorker17.log
-srvPort
57484
Successfully changed project path to: C:/Users/azhon/FinalProject
C:/Users/azhon/FinalProject
[UnityMemory] Configuration Parameters - Can be set up in boot.config
    "memorysetup-bucket-allocator-granularity=16"
    "memorysetup-bucket-allocator-bucket-count=8"
    "memorysetup-bucket-allocator-block-size=33554432"
    "memorysetup-bucket-allocator-block-count=8"
    "memorysetup-main-allocator-block-size=16777216"
    "memorysetup-thread-allocator-block-size=16777216"
    "memorysetup-gfx-main-allocator-block-size=16777216"
    "memorysetup-gfx-thread-allocator-block-size=16777216"
    "memorysetup-cache-allocator-block-size=4194304"
    "memorysetup-typetree-allocator-block-size=2097152"
    "memorysetup-profiler-bucket-allocator-granularity=16"
    "memorysetup-profiler-bucket-allocator-bucket-count=8"
    "memorysetup-profiler-bucket-allocator-block-size=33554432"
    "memorysetup-profiler-bucket-allocator-block-count=8"
    "memorysetup-profiler-allocator-block-size=16777216"
    "memorysetup-profiler-editor-allocator-block-size=1048576"
    "memorysetup-temp-allocator-size-main=16777216"
    "memorysetup-job-temp-allocator-block-size=2097152"
    "memorysetup-job-temp-allocator-block-size-background=1048576"
    "memorysetup-job-temp-allocator-reduction-small-platforms=262144"
    "memorysetup-temp-allocator-size-background-worker=32768"
    "memorysetup-temp-allocator-size-job-worker=262144"
    "memorysetup-temp-allocator-size-preload-manager=33554432"
    "memorysetup-temp-allocator-size-nav-mesh-worker=65536"
    "memorysetup-temp-allocator-size-audio-worker=65536"
    "memorysetup-temp-allocator-size-cloud-worker=32768"
    "memorysetup-temp-allocator-size-gi-baking-worker=262144"
    "memorysetup-temp-allocator-size-gfx=262144"
Player connection [35508] Host "[IP] 192.168.56.1 [Port] 0 [Flags] 2 [Guid] 3391451153 [EditorId] 3391451153 [Version] 1048832 [Id] WindowsEditor(7,MARVEL) [Debug] 1 [PackageName] WindowsEditor [ProjectName] Editor" joined multi-casting on [225.0.0.222:54997]...

Player connection [35508] Host "[IP] 192.168.56.1 [Port] 0 [Flags] 2 [Guid] 3391451153 [EditorId] 3391451153 [Version] 1048832 [Id] WindowsEditor(7,MARVEL) [Debug] 1 [PackageName] WindowsEditor [ProjectName] Editor" joined alternative multi-casting on [225.0.0.222:34997]...

Refreshing native plugins compatible for Editor in 291.51 ms, found 9 plugins.
Preloading 2 native plugins for Editor in 2.59 ms.
Initialize engine version: 2021.3.20f1 (577897200b8b)
[Subsystems] Discovering subsystems at path C:/Program Files/Unity/Hub/Editor/2021.3.20f1/Editor/Data/Resources/UnitySubsystems
[Subsystems] Discovering subsystems at path C:/Users/azhon/FinalProject/Assets
GfxDevice: creating device client; threaded=0; jobified=0
Direct3D:
    Version:  Direct3D 11.0 [level 11.1]
    Renderer: NVIDIA GeForce GTX 1650 (ID=0x1f9d)
    Vendor:   NVIDIA
    VRAM:     3950 MB
    Driver:   31.0.15.4680
Shader 'Oculus/OVRMRCameraFrameLit': fallback shader 'Alpha-Diffuse' not found
Initialize mono
Mono path[0] = 'C:/Program Files/Unity/Hub/Editor/2021.3.20f1/Editor/Data/Managed'
Mono path[1] = 'C:/Program Files/Unity/Hub/Editor/2021.3.20f1/Editor/Data/MonoBleedingEdge/lib/mono/unityjit-win32'
Mono config path = 'C:/Program Files/Unity/Hub/Editor/2021.3.20f1/Editor/Data/MonoBleedingEdge/etc'
Using monoOptions --debugger-agent=transport=dt_socket,embedding=1,server=y,suspend=n,address=127.0.0.1:56428
Begin MonoManager ReloadAssembly
Registering precompiled unity dll's ...
Register platform support module: C:/Program Files/Unity/Hub/Editor/2021.3.20f1/Editor/Data/PlaybackEngines/AndroidPlayer/UnityEditor.Android.Extensions.dll
Register platform support module: C:/Program Files/Unity/Hub/Editor/2021.3.20f1/Editor/Data/PlaybackEngines/WindowsStandaloneSupport/UnityEditor.WindowsStandalone.Extensions.dll
Registered in 0.003678 seconds.
Native extension for WindowsStandalone target not found
Native extension for Android target not found
Android Extension - Scanning For ADB Devices 418 ms
Refreshing native plugins compatible for Editor in 238.60 ms, found 9 plugins.
Preloading 2 native plugins for Editor in 0.18 ms.
Mono: successfully reloaded assembly
- Completed reload, in  1.472 seconds
Domain Reload Profiling:
	ReloadAssembly (1473ms)
		BeginReloadAssembly (194ms)
			ExecutionOrderSort (0ms)
			DisableScriptedObjects (0ms)
			BackupInstance (0ms)
			ReleaseScriptingObjects (0ms)
			CreateAndSetChildDomain (2ms)
		EndReloadAssembly (1166ms)
			LoadAssemblies (190ms)
			RebuildTransferFunctionScriptingTraits (0ms)
			SetupTypeCache (140ms)
			ReleaseScriptCaches (0ms)
			RebuildScriptCaches (45ms)
			SetupLoadedEditorAssemblies (920ms)
				LogAssemblyErrors (0ms)
				InitializePlatformSupportModulesInManaged (487ms)
				SetLoadedEditorAssemblies (0ms)
				RefreshPlugins (239ms)
				BeforeProcessingInitializeOnLoad (2ms)
				ProcessInitializeOnLoadAttributes (138ms)
				ProcessInitializeOnLoadMethodAttributes (54ms)
				AfterProcessingInitializeOnLoad (0ms)
				EditorAssembliesLoaded (0ms)
			ExecutionOrderSort2 (0ms)
			AwakeInstancesAfterBackupRestoration (0ms)
Platform modules already initialized, skipping
Registering precompiled user dll's ...
Registered in 0.008549 seconds.
Begin MonoManager ReloadAssembly
Symbol file LoadedFromMemory doesn't match image C:\Users\azhon\FinalProject\Library\PackageCache\com.unity.visualscripting@1.8.0\Editor\VisualScripting.Core\Dependencies\DotNetZip\Unity.VisualScripting.IonicZip.dll
Symbol file LoadedFromMemory doesn't match image C:\Users\azhon\FinalProject\Library\PackageCache\com.unity.visualscripting@1.8.0\Editor\VisualScripting.Core\Dependencies\YamlDotNet\Unity.VisualScripting.YamlDotNet.dll
Native extension for WindowsStandalone target not found
Native extension for Android target not found
Refreshing native plugins compatible for Editor in 319.40 ms, found 9 plugins.
Preloading 2 native plugins for Editor in 2.29 ms.
Package Manager log level set to [2]
[XR] OculusXRPlugin: registering subsystems
[XR] Unable to register display lifecyle provider: [1]
[XR] Oculus Input lifecycle provider registered.
[XR] Unable to register input lifecyle provider: [1]
[XR] OVRP version 1.89.1
Mono: successfully reloaded assembly
- Completed reload, in 11.103 seconds
Domain Reload Profiling:
	ReloadAssembly (11104ms)
		BeginReloadAssembly (184ms)
			ExecutionOrderSort (0ms)
			DisableScriptedObjects (6ms)
			BackupInstance (0ms)
			ReleaseScriptingObjects (1ms)
			CreateAndSetChildDomain (33ms)
		EndReloadAssembly (10741ms)
			LoadAssemblies (5885ms)
			RebuildTransferFunctionScriptingTraits (0ms)
			SetupTypeCache (1957ms)
			ReleaseScriptCaches (7ms)
			RebuildScriptCaches (259ms)
			SetupLoadedEditorAssemblies (2424ms)
				LogAssemblyErrors (0ms)
				InitializePlatformSupportModulesInManaged (67ms)
				SetLoadedEditorAssemblies (2ms)
				RefreshPlugins (322ms)
				BeforeProcessingInitializeOnLoad (275ms)
				ProcessInitializeOnLoadAttributes (1546ms)
				ProcessInitializeOnLoadMethodAttributes (207ms)
				AfterProcessingInitializeOnLoad (5ms)
				EditorAssembliesLoaded (0ms)
			ExecutionOrderSort2 (0ms)
			AwakeInstancesAfterBackupRestoration (7ms)
Platform modules already initialized, skipping
========================================================================
Worker process is ready to serve import requests
Shader 'Oculus/OVRMRCameraFrameLit': fallback shader 'Alpha-Diffuse' not found
Launched and connected shader compiler UnityShaderCompiler.exe after 0.14 seconds
Refreshing native plugins compatible for Editor in 2.45 ms, found 9 plugins.
Preloading 2 native plugins for Editor in 1.10 ms.
Unloading 8236 Unused Serialized files (Serialized files now loaded: 0)
Unloading 106 unused Assets / (0.9 MB). Loaded Objects now: 8653.
Memory consumption went from 309.3 MB to 308.4 MB.
Total: 14.252600 ms (FindLiveObjects: 1.115900 ms CreateObjectMapping: 0.635800 ms MarkObjects: 11.782800 ms  DeleteObjects: 0.715700 ms)

AssetImportParameters requested are different than current active one (requested -> active):
  custom:video-decoder-ogg-theora: a1e56fd34408186e4bbccfd4996cb3dc -> 
  custom:container-muxer-webm: aa71ff27fc2769a1b78a27578f13a17b -> 
  custom:container-demuxer-webm: 4f35f7cbe854078d1ac9338744f61a02 -> 
  custom:video-encoder-webm-vp8: eb34c28f22e8b96e1ab97ce403110664 -> 
  custom:video-codec-MediaFoundation-h265: 746d11721c4dcdbdad8f713fa42b33f4 -> 
  custom:audio-encoder-webm-vorbis: bf7c407c2cedff20999df2af8eb42d56 -> 
  custom:framework-win-MediaFoundation: 216162199b28c13a410421893ffa2e32 -> 
  custom:container-demuxer-ogg: 62fdf1f143b41e24485cea50d1cbac27 -> 
  custom:video-decoder-webm-vp8: 9c59270c3fd7afecdb556c50c9e8de78 -> 
  custom:audio-decoder-ogg-vorbis: bf7c407c2cedff20999df2af8eb42d56 -> 
========================================================================
Received Import Request.
  Time since last request: 300190.290071 seconds.
  path: Packages/com.unity.searcher/Editor/Resources/FlatSkin/Font/Roboto-BoldItalic.ttf
  artifactKey: Guid(dfb97a9307a577a41bcacba34b9a7e32) Importer(815301076,1909f56bfc062723c751e8b465ee728b)
Start importing Packages/com.unity.searcher/Editor/Resources/FlatSkin/Font/Roboto-BoldItalic.ttf using Guid(dfb97a9307a577a41bcacba34b9a7e32) Importer(815301076,1909f56bfc062723c751e8b465ee728b)  -> (artifact id: '7389a7c8e60ca3d6f529269f19422039') in 0.400557 seconds 
========================================================================
Received Import Request.
  Time since last request: 0.000115 seconds.
  path: Assets/Oculus/Interaction/Samples/Objects/Environment/Screen/Materials/FrameMaterial.fbx
  artifactKey: Guid(0149d0c06fc814c9abda2f5a244f6d81) Importer(815301076,1909f56bfc062723c751e8b465ee728b)
Start importing Assets/Oculus/Interaction/Samples/Objects/Environment/Screen/Materials/FrameMaterial.fbx using Guid(0149d0c06fc814c9abda2f5a244f6d81) Importer(815301076,1909f56bfc062723c751e8b465ee728b)  -> (artifact id: 'edc5fdb7727a1bd3c78b68fc194800a1') in 0.195569 seconds 
========================================================================
Received Import Request.
  Time since last request: 0.000271 seconds.
  path: Assets/Oculus/Interaction/Samples/Objects/Environment/MRDesk/Models/MRDesk.fbx
  artifactKey: Guid(c52c4e4029c7cc547a033db8b08dd4eb) Importer(815301076,1909f56bfc062723c751e8b465ee728b)
Start importing Assets/Oculus/Interaction/Samples/Objects/Environment/MRDesk/Models/MRDesk.fbx using Guid(c52c4e4029c7cc547a033db8b08dd4eb) Importer(815301076,1909f56bfc062723c751e8b465ee728b)  -> (artifact id: 'a15901589e626f0743044d138fb83ee1') in 0.096532 seconds 
========================================================================
Received Import Request.
  Time since last request: 0.000086 seconds.
  path: Assets/Oculus/Interaction/Samples/Materials/FramePoseTwoHandedParticle.mat
  artifactKey: Guid(4f0bfa166f8d21e4f8b433ae64c0c0c0) Importer(815301076,1909f56bfc062723c751e8b465ee728b)
Start importing Assets/Oculus/Interaction/Samples/Materials/FramePoseTwoHandedParticle.mat using Guid(4f0bfa166f8d21e4f8b433ae64c0c0c0) Importer(815301076,1909f56bfc062723c751e8b465ee728b)  -> (artifact id: 'd260aa5481ed95fff9e9088870d60741') in 0.087810 seconds 
========================================================================
Received Import Request.
  Time since last request: 6.926646 seconds.
  path: Assets/Oculus/SampleFramework/Usage/SharedAssets/Materials/GroundMat.mat
  artifactKey: Guid(7ae7dc43beb34534db810dee799107f1) Importer(815301076,1909f56bfc062723c751e8b465ee728b)
Start importing Assets/Oculus/SampleFramework/Usage/SharedAssets/Materials/GroundMat.mat using Guid(7ae7dc43beb34534db810dee799107f1) Importer(815301076,1909f56bfc062723c751e8b465ee728b)  -> (artifact id: 'a1d13016c28be84bda504a7f18ac862c') in 0.042286 seconds 
========================================================================
Received Import Request.
  Time since last request: 0.000081 seconds.
  path: Assets/Oculus/SampleFramework/Core/CustomHands/Materials/Hands_striped.mat
  artifactKey: Guid(2053692007a444b4298a3c679f98a1ce) Importer(815301076,1909f56bfc062723c751e8b465ee728b)
Start importing Assets/Oculus/SampleFramework/Core/CustomHands/Materials/Hands_striped.mat using Guid(2053692007a444b4298a3c679f98a1ce) Importer(815301076,1909f56bfc062723c751e8b465ee728b)  -> (artifact id: 'dffe509cb3a871be485e9ab1a6eb2cef') in 0.291024 seconds 
========================================================================
Received Import Request.
  Time since last request: 0.000192 seconds.
  path: Assets/Oculus/Interaction/Samples/Materials/HandStopParticle.mat
  artifactKey: Guid(e42185d31895c2d4cbbcd05d29a4c115) Importer(815301076,1909f56bfc062723c751e8b465ee728b)
Start importing Assets/Oculus/Interaction/Samples/Materials/HandStopParticle.mat using Guid(e42185d31895c2d4cbbcd05d29a4c115) Importer(815301076,1909f56bfc062723c751e8b465ee728b)  -> (artifact id: 'bd1bcba5b07d4fe0d1a01ae438e06354') in 0.076913 seconds 
========================================================================
Received Import Request.
  Time since last request: 0.411053 seconds.
  path: Assets/Oculus/Interaction/Runtime/Materials/HotspotMaterial.mat
  artifactKey: Guid(099a76900c67577498a4e81d119935d6) Importer(815301076,1909f56bfc062723c751e8b465ee728b)
Start importing Assets/Oculus/Interaction/Runtime/Materials/HotspotMaterial.mat using Guid(099a76900c67577498a4e81d119935d6) Importer(815301076,1909f56bfc062723c751e8b465ee728b)  -> (artifact id: '159c27b86219bd232d8938c0b30c4a91') in 0.160353 seconds 
========================================================================
Received Import Request.
  Time since last request: 0.000249 seconds.
  path: Assets/Oculus/Interaction/Samples/Objects/Environment/Locomotion/Models/Materials/InteriorDoorMat.mat
  artifactKey: Guid(2f8f24c4b695e264e905df001683ba11) Importer(815301076,1909f56bfc062723c751e8b465ee728b)
Start importing Assets/Oculus/Interaction/Samples/Objects/Environment/Locomotion/Models/Materials/InteriorDoorMat.mat using Guid(2f8f24c4b695e264e905df001683ba11) Importer(815301076,1909f56bfc062723c751e8b465ee728b)  -> (artifact id: '4b3cad7f1393d888fe044263c5f70db6') in 0.258156 seconds 
========================================================================
Received Import Request.
  Time since last request: 0.000103 seconds.
  path: Assets/Oculus/Interaction/Samples/Objects/Props/Key/Materials/keyMaterial.fbx
  artifactKey: Guid(fc751fc4bdca641928760e291a3596ae) Importer(815301076,1909f56bfc062723c751e8b465ee728b)
Start importing Assets/Oculus/Interaction/Samples/Objects/Props/Key/Materials/keyMaterial.fbx using Guid(fc751fc4bdca641928760e291a3596ae) Importer(815301076,1909f56bfc062723c751e8b465ee728b)  -> (artifact id: '461227d12d011009cf9f43c414243d08') in 0.114783 seconds 
========================================================================
Received Import Request.
  Time since last request: 0.000164 seconds.
  path: Assets/Oculus/SampleFramework/Core/Locomotion/Materials/lambert1.mat
  artifactKey: Guid(24774b6e918e3c24a833857353a28b1b) Importer(815301076,1909f56bfc062723c751e8b465ee728b)
Start importing Assets/Oculus/SampleFramework/Core/Locomotion/Materials/lambert1.mat using Guid(24774b6e918e3c24a833857353a28b1b) Importer(815301076,1909f56bfc062723c751e8b465ee728b)  -> (artifact id: 'e1ae98ed37fb209ac421015ebb271036') in 0.061698 seconds 
========================================================================
Received Import Request.
  Time since last request: 0.000098 seconds.
  path: Assets/Oculus/Voice/Samples/LightTraits/Materials/LightOff.mat
  artifactKey: Guid(c4f46a0758bdd324b8f3a941cd6e0038) Importer(815301076,1909f56bfc062723c751e8b465ee728b)
Start importing Assets/Oculus/Voice/Samples/LightTraits/Materials/LightOff.mat using Guid(c4f46a0758bdd324b8f3a941cd6e0038) Importer(815301076,1909f56bfc062723c751e8b465ee728b)  -> (artifact id: '3f14ff0b68da0c21d4d7e97c07fada5a') in 0.359371 seconds 
========================================================================
Received Import Request.
  Time since last request: 6.475401 seconds.
  path: Assets/Oculus/Interaction/Samples/Objects/Environment/Locomotion/Models/Materials/LocomotionBalconyMat.mat
  artifactKey: Guid(c74f2a7d4fc8fd648a0cdbecbe5e1a20) Importer(815301076,1909f56bfc062723c751e8b465ee728b)
Start importing Assets/Oculus/Interaction/Samples/Objects/Environment/Locomotion/Models/Materials/LocomotionBalconyMat.mat using Guid(c74f2a7d4fc8fd648a0cdbecbe5e1a20) Importer(815301076,1909f56bfc062723c751e8b465ee728b)  -> (artifact id: '403baec45dd0c747f6bb941757ec2820') in 0.067186 seconds 
========================================================================
Received Import Request.
  Time since last request: 0.000049 seconds.
  path: Assets/Oculus/Interaction/Samples/Objects/Environment/Locomotion/Models/Materials/LocomotionFloorMat.mat
  artifactKey: Guid(af517cb464bac334f905a338f89ff4e8) Importer(815301076,1909f56bfc062723c751e8b465ee728b)
Start importing Assets/Oculus/Interaction/Samples/Objects/Environment/Locomotion/Models/Materials/LocomotionFloorMat.mat using Guid(af517cb464bac334f905a338f89ff4e8) Importer(815301076,1909f56bfc062723c751e8b465ee728b)  -> (artifact id: 'c5aa5c9dd1869c7429c42b44f15533cb') in 0.211712 seconds 
========================================================================
Received Import Request.
  Time since last request: 0.000163 seconds.
  path: Assets/Oculus/Interaction/Samples/Objects/Environment/Locomotion/Models/Materials/LocomotionRoomMat.mat
  artifactKey: Guid(e01361b17470e4e48bbd0a322bcd94ea) Importer(815301076,1909f56bfc062723c751e8b465ee728b)
Start importing Assets/Oculus/Interaction/Samples/Objects/Environment/Locomotion/Models/Materials/LocomotionRoomMat.mat using Guid(e01361b17470e4e48bbd0a322bcd94ea) Importer(815301076,1909f56bfc062723c751e8b465ee728b)  -> (artifact id: 'cccfe51454d9205b39857fc7697c7f79') in 0.173979 seconds 
========================================================================
Received Import Request.
  Time since last request: 0.000101 seconds.
  path: Assets/Oculus/Interaction/Samples/Objects/Props/MapWithPins/Materials/MapFrameMat.fbx
  artifactKey: Guid(ca40bcaab931f664bb8884b77b720e18) Importer(815301076,1909f56bfc062723c751e8b465ee728b)
Start importing Assets/Oculus/Interaction/Samples/Objects/Props/MapWithPins/Materials/MapFrameMat.fbx using Guid(ca40bcaab931f664bb8884b77b720e18) Importer(815301076,1909f56bfc062723c751e8b465ee728b)  -> (artifact id: '79a0e6221d62c7e65ef69b1e9ef5ddf7') in 0.130521 seconds 
========================================================================
Received Import Request.
  Time since last request: 0.000180 seconds.
  path: Assets/Oculus/Interaction/Samples/Objects/Props/MapWithPins/Materials/MapPointerMat.mat
  artifactKey: Guid(c37ac7b36a67bf44886b168381204b8b) Importer(815301076,1909f56bfc062723c751e8b465ee728b)
Start importing Assets/Oculus/Interaction/Samples/Objects/Props/MapWithPins/Materials/MapPointerMat.mat using Guid(c37ac7b36a67bf44886b168381204b8b) Importer(815301076,1909f56bfc062723c751e8b465ee728b)  -> (artifact id: '4a3d9c8ea40fbde87e88e6681818e127') in 0.081182 seconds 
========================================================================
Received Import Request.
  Time since last request: 0.000054 seconds.
  path: Assets/Oculus/Interaction/Samples/Objects/Environment/Locomotion/Models/Materials/LocomotionRoomWindowMat.mat
  artifactKey: Guid(e311537507979e24c829c79f61253c50) Importer(815301076,1909f56bfc062723c751e8b465ee728b)
Start importing Assets/Oculus/Interaction/Samples/Objects/Environment/Locomotion/Models/Materials/LocomotionRoomWindowMat.mat using Guid(e311537507979e24c829c79f61253c50) Importer(815301076,1909f56bfc062723c751e8b465ee728b)  -> (artifact id: '63deef10568651b531fbd0d1c42ff934') in 0.054074 seconds 
========================================================================
Received Import Request.
  Time since last request: 0.000153 seconds.
  path: Assets/Oculus/SampleFramework/Usage/Locomotion/Materials/MAT_floor_wood_01.mat
  artifactKey: Guid(5d1946ce7cee747e6aa39a6ea4350e11) Importer(815301076,1909f56bfc062723c751e8b465ee728b)
Start importing Assets/Oculus/SampleFramework/Usage/Locomotion/Materials/MAT_floor_wood_01.mat using Guid(5d1946ce7cee747e6aa39a6ea4350e11) Importer(815301076,1909f56bfc062723c751e8b465ee728b)  -> (artifact id: 'b25a6d3b38a9df20bf4f3e2af790afb7') in 0.403477 seconds 
========================================================================
Received Import Request.
  Time since last request: 0.000149 seconds.
  path: Assets/Oculus/VR/Meshes/MetaQuestTouchPlus/Materials/MetaQuestTouchPlusMATphong_left.mat
  artifactKey: Guid(5487a7af70ff7364996d8da93d056fa9) Importer(815301076,1909f56bfc062723c751e8b465ee728b)
Start importing Assets/Oculus/VR/Meshes/MetaQuestTouchPlus/Materials/MetaQuestTouchPlusMATphong_left.mat using Guid(5487a7af70ff7364996d8da93d056fa9) Importer(815301076,1909f56bfc062723c751e8b465ee728b)  -> (artifact id: '8229ed5a5b2e1bb20929897bfeb01c4e') in 0.393114 seconds 
========================================================================
Received Import Request.
  Time since last request: 0.000322 seconds.
  path: Assets/Oculus/SampleFramework/Usage/DistanceGrab/Materials/MAT_watergun_01.mat
  artifactKey: Guid(b72f20b13269b4be29ec790ecc04a34b) Importer(815301076,1909f56bfc062723c751e8b465ee728b)
Start importing Assets/Oculus/SampleFramework/Usage/DistanceGrab/Materials/MAT_watergun_01.mat using Guid(b72f20b13269b4be29ec790ecc04a34b) Importer(815301076,1909f56bfc062723c751e8b465ee728b)  -> (artifact id: 'b09f60653b1f590f2255f3c2b28dd5dc') in 0.071104 seconds 
========================================================================
Received Import Request.
  Time since last request: 0.000181 seconds.
  path: Assets/Oculus/SampleFramework/Usage/Locomotion/Materials/MAT_floor_wood_02.mat
  artifactKey: Guid(c5de2de29649946caa67f57a9825cfd6) Importer(815301076,1909f56bfc062723c751e8b465ee728b)
Start importing Assets/Oculus/SampleFramework/Usage/Locomotion/Materials/MAT_floor_wood_02.mat using Guid(c5de2de29649946caa67f57a9825cfd6) Importer(815301076,1909f56bfc062723c751e8b465ee728b)  -> (artifact id: '371366f99ad0b01416b511d56f335f83') in 0.352292 seconds 
========================================================================
Received Import Request.
  Time since last request: 0.000085 seconds.
  path: Assets/Oculus/VR/Meshes/MetaQuestTouchPlus/Materials/MetaQuestTouchPlusMATphong_right.mat
  artifactKey: Guid(4b13877204bf5394c80dc8b6e469ec13) Importer(815301076,1909f56bfc062723c751e8b465ee728b)
Start importing Assets/Oculus/VR/Meshes/MetaQuestTouchPlus/Materials/MetaQuestTouchPlusMATphong_right.mat using Guid(4b13877204bf5394c80dc8b6e469ec13) Importer(815301076,1909f56bfc062723c751e8b465ee728b)  -> (artifact id: 'c47ab70fddbc3bd4a20b177079414f28') in 0.325957 seconds 
========================================================================
Received Import Request.
  Time since last request: 0.000530 seconds.
  path: Assets/Oculus/Interaction/Samples/Objects/Props/CoffeeCup/CoffeeCupHulls.fbx
  artifactKey: Guid(d1388ed1b34adcf4091263a34d4237d4) Importer(815301076,1909f56bfc062723c751e8b465ee728b)
Start importing Assets/Oculus/Interaction/Samples/Objects/Props/CoffeeCup/CoffeeCupHulls.fbx using Guid(d1388ed1b34adcf4091263a34d4237d4) Importer(815301076,1909f56bfc062723c751e8b465ee728b)  -> (artifact id: 'c1a3f267a6c086357478c66f26fabfc7') in 0.418282 seconds 
========================================================================
Received Import Request.
  Time since last request: 0.000182 seconds.
  path: Assets/Oculus/Interaction/Samples/Objects/Props/ToyBox/ToyBoxes.fbx
  artifactKey: Guid(d8142cf98aa0bf44c9b088fd9081a761) Importer(815301076,1909f56bfc062723c751e8b465ee728b)
Start importing Assets/Oculus/Interaction/Samples/Objects/Props/ToyBox/ToyBoxes.fbx using Guid(d8142cf98aa0bf44c9b088fd9081a761) Importer(815301076,1909f56bfc062723c751e8b465ee728b)  -> (artifact id: '6454530100d110363e288752b51af88b') in 0.160057 seconds 
========================================================================
Received Import Request.
  Time since last request: 0.000166 seconds.
  path: Assets/Oculus/Interaction/Samples/Objects/Environment/MRDesk/Materials/MRDeskMat.mat
  artifactKey: Guid(a835ac24fc2cad9439407885825362d2) Importer(815301076,1909f56bfc062723c751e8b465ee728b)
Start importing Assets/Oculus/Interaction/Samples/Objects/Environment/MRDesk/Materials/MRDeskMat.mat using Guid(a835ac24fc2cad9439407885825362d2) Importer(815301076,1909f56bfc062723c751e8b465ee728b)  -> (artifact id: '06ed11923d50c917bb8b914a602eb435') in 0.117498 seconds 
========================================================================
Received Import Request.
  Time since last request: 0.000033 seconds.
  path: Assets/Oculus/Interaction/Runtime/Materials/OculusHand.mat
  artifactKey: Guid(d641a50c4fe4ee3489a64cf52b76ae79) Importer(815301076,1909f56bfc062723c751e8b465ee728b)
Start importing Assets/Oculus/Interaction/Runtime/Materials/OculusHand.mat using Guid(d641a50c4fe4ee3489a64cf52b76ae79) Importer(815301076,1909f56bfc062723c751e8b465ee728b)  -> (artifact id: '366ef9c06f017d425c0cb9f5ab4a5133') in 0.583767 seconds 
========================================================================
Received Import Request.
  Time since last request: 0.000124 seconds.
  path: Assets/Oculus/Interaction/Samples/Objects/Props/Mug/Materials/mugMaterial.fbx
  artifactKey: Guid(3d497e3a0ce074b3cb67c627fe6e1cc7) Importer(815301076,1909f56bfc062723c751e8b465ee728b)
Start importing Assets/Oculus/Interaction/Samples/Objects/Props/Mug/Materials/mugMaterial.fbx using Guid(3d497e3a0ce074b3cb67c627fe6e1cc7) Importer(815301076,1909f56bfc062723c751e8b465ee728b)  -> (artifact id: 'b56b74136e1196dd312b73b72b0057cd') in 0.123008 seconds 
========================================================================
Received Import Request.
  Time since last request: 0.000266 seconds.
  path: Assets/Oculus/VR/Materials/PlainMaterial.mat
  artifactKey: Guid(26cadeeaa29498d4889f43542f3add58) Importer(815301076,1909f56bfc062723c751e8b465ee728b)
Start importing Assets/Oculus/VR/Materials/PlainMaterial.mat using Guid(26cadeeaa29498d4889f43542f3add58) Importer(815301076,1909f56bfc062723c751e8b465ee728b)  -> (artifact id: 'c96068fe67100439ba49219b540b9b5e') in 0.074181 seconds 
========================================================================
Received Import Request.
  Time since last request: 0.000048 seconds.
  path: Packages/com.unity.render-pipelines.universal/Runtime/Materials/ParticlesUnlit.mat
  artifactKey: Guid(e823cd5b5d27c0f4b8256e7c12ee3e6d) Importer(815301076,1909f56bfc062723c751e8b465ee728b)
Start importing Packages/com.unity.render-pipelines.universal/Runtime/Materials/ParticlesUnlit.mat using Guid(e823cd5b5d27c0f4b8256e7c12ee3e6d) Importer(815301076,1909f56bfc062723c751e8b465ee728b)  -> (artifact id: 'da8138da2466edd5e731d0b5d877b433') in 0.100761 seconds 
========================================================================
Received Import Request.
  Time since last request: 0.000178 seconds.
  path: Assets/Oculus/SampleFramework/Usage/Passthrough/Materials/PassthroughBrushStroke.mat
  artifactKey: Guid(0ff7438fe513d7e4295f6ec9b5b623d7) Importer(815301076,1909f56bfc062723c751e8b465ee728b)
Start importing Assets/Oculus/SampleFramework/Usage/Passthrough/Materials/PassthroughBrushStroke.mat using Guid(0ff7438fe513d7e4295f6ec9b5b623d7) Importer(815301076,1909f56bfc062723c751e8b465ee728b)  -> (artifact id: 'f1713de5565e41367089b8fc0d34a5e7') in 0.132634 seconds 
========================================================================
Received Import Request.
  Time since last request: 0.000229 seconds.
  path: Assets/Oculus/Interaction/Samples/Materials/PaperParticle.mat
  artifactKey: Guid(e616a4eb1b541bc498887ab3e34dfd70) Importer(815301076,1909f56bfc062723c751e8b465ee728b)
Start importing Assets/Oculus/Interaction/Samples/Materials/PaperParticle.mat using Guid(e616a4eb1b541bc498887ab3e34dfd70) Importer(815301076,1909f56bfc062723c751e8b465ee728b)  -> (artifact id: '11622afe31cdab5082e8106432d9458e') in 0.078786 seconds 
========================================================================
Received Import Request.
  Time since last request: 2.855386 seconds.
  path: Assets/Oculus/Interaction/Samples/Materials/Planet.fbx
  artifactKey: Guid(b18ecf061c91da1439b820dd542f206d) Importer(815301076,1909f56bfc062723c751e8b465ee728b)
Start importing Assets/Oculus/Interaction/Samples/Materials/Planet.fbx using Guid(b18ecf061c91da1439b820dd542f206d) Importer(815301076,1909f56bfc062723c751e8b465ee728b)  -> (artifact id: 'f3e8761ab5d53991521721c86cd5b3a8') in 0.067206 seconds 
========================================================================
Received Import Request.
  Time since last request: 0.000222 seconds.
  path: Assets/Oculus/Interaction/Runtime/Materials/PointerMaterial.mat
  artifactKey: Guid(a5ab67b9bab162c4c991a6570b62c2ed) Importer(815301076,1909f56bfc062723c751e8b465ee728b)
Start importing Assets/Oculus/Interaction/Runtime/Materials/PointerMaterial.mat using Guid(a5ab67b9bab162c4c991a6570b62c2ed) Importer(815301076,1909f56bfc062723c751e8b465ee728b)  -> (artifact id: '6e11320148b863ef6df6e2edaddf2985') in 0.097276 seconds 
========================================================================
Received Import Request.
  Time since last request: 0.000070 seconds.
  path: Assets/Oculus/Interaction/Runtime/Materials/ProceduralArcMaterial.mat
  artifactKey: Guid(ed965723b6756dc4faaa410790e98e31) Importer(815301076,1909f56bfc062723c751e8b465ee728b)
Start importing Assets/Oculus/Interaction/Runtime/Materials/ProceduralArcMaterial.mat using Guid(ed965723b6756dc4faaa410790e98e31) Importer(815301076,1909f56bfc062723c751e8b465ee728b)  -> (artifact id: 'a44753819a89947df23aecb90b333ad1') in 0.103279 seconds 
========================================================================
Received Import Request.
  Time since last request: 0.000197 seconds.
  path: Assets/Oculus/Interaction/Samples/Objects/Props/BigRedButton/Materials/PodiumMat.mat
  artifactKey: Guid(62979fc50e1e7b741a1f414c9f992e5a) Importer(815301076,1909f56bfc062723c751e8b465ee728b)
Start importing Assets/Oculus/Interaction/Samples/Objects/Props/BigRedButton/Materials/PodiumMat.mat using Guid(62979fc50e1e7b741a1f414c9f992e5a) Importer(815301076,1909f56bfc062723c751e8b465ee728b)  -> (artifact id: '719b277de8c332b6af6077c172022f5d') in 0.332191 seconds 
========================================================================
Received Import Request.
  Time since last request: 14.062710 seconds.
  path: Assets/Oculus/SampleFramework/Usage/Passthrough/Materials/QuadOutline.mat
  artifactKey: Guid(8b121481a37d7bd40a103176d65df1ee) Importer(815301076,1909f56bfc062723c751e8b465ee728b)
Start importing Assets/Oculus/SampleFramework/Usage/Passthrough/Materials/QuadOutline.mat using Guid(8b121481a37d7bd40a103176d65df1ee) Importer(815301076,1909f56bfc062723c751e8b465ee728b)  -> (artifact id: 'bf60ac5be17a9de988c57a0870a3ed73') in 0.087164 seconds 
========================================================================
Received Import Request.
  Time since last request: 0.000089 seconds.
  path: Assets/Oculus/SampleFramework/Core/TouchControllers/Materials/R_controller_MAT.mat
  artifactKey: Guid(14179725cf9421448b565469bfc84247) Importer(815301076,1909f56bfc062723c751e8b465ee728b)
Start importing Assets/Oculus/SampleFramework/Core/TouchControllers/Materials/R_controller_MAT.mat using Guid(14179725cf9421448b565469bfc84247) Importer(815301076,1909f56bfc062723c751e8b465ee728b)  -> (artifact id: '90b642df675d2cb79625f4577652079c') in 0.089713 seconds 
========================================================================
Received Import Request.
  Time since last request: 0.000111 seconds.
  path: Assets/Oculus/SampleFramework/Usage/SpatialAnchor/Materials/Red.mat
  artifactKey: Guid(0066bacc1d5fc4644948eaee1f667052) Importer(815301076,1909f56bfc062723c751e8b465ee728b)
Start importing Assets/Oculus/SampleFramework/Usage/SpatialAnchor/Materials/Red.mat using Guid(0066bacc1d5fc4644948eaee1f667052) Importer(815301076,1909f56bfc062723c751e8b465ee728b)  -> (artifact id: '0f47daaced48e062e8c7e73836691fd9') in 0.063876 seconds 
========================================================================
Received Import Request.
  Time since last request: 0.000072 seconds.
  path: Assets/Oculus/SampleFramework/Usage/SceneManager/Materials/Red.mat
  artifactKey: Guid(ad051d3b772984b47a4b27afcec8cd89) Importer(815301076,1909f56bfc062723c751e8b465ee728b)
Start importing Assets/Oculus/SampleFramework/Usage/SceneManager/Materials/Red.mat using Guid(ad051d3b772984b47a4b27afcec8cd89) Importer(815301076,1909f56bfc062723c751e8b465ee728b)  -> (artifact id: '6352edc1bcc1370e4ec2b367056156b4') in 0.054626 seconds 
========================================================================
Received Import Request.
  Time since last request: 4.429255 seconds.
  path: Assets/Oculus/Interaction/Samples/Fonts/Roboto-Medium SDF.asset
  artifactKey: Guid(b8f5aeb9c6de7614db2631011b869bc3) Importer(815301076,1909f56bfc062723c751e8b465ee728b)
Start importing Assets/Oculus/Interaction/Samples/Fonts/Roboto-Medium SDF.asset using Guid(b8f5aeb9c6de7614db2631011b869bc3) Importer(815301076,1909f56bfc062723c751e8b465ee728b)  -> (artifact id: '03cb7e6195c1a4ca0baee56daf82ee37') in 0.094267 seconds 
========================================================================
Received Import Request.
  Time since last request: 0.000073 seconds.
  path: Assets/Oculus/SampleFramework/Usage/HandsTrainExample/Models/SelectionCylinder.fbx
  artifactKey: Guid(f167bd156a4b5ff4faf061ab4ce336cb) Importer(815301076,1909f56bfc062723c751e8b465ee728b)
Start importing Assets/Oculus/SampleFramework/Usage/HandsTrainExample/Models/SelectionCylinder.fbx using Guid(f167bd156a4b5ff4faf061ab4ce336cb) Importer(815301076,1909f56bfc062723c751e8b465ee728b)  -> (artifact id: 'c2e0d01a91cb492bbd08db89afc989b8') in 0.128289 seconds 
========================================================================
Received Import Request.
  Time since last request: 0.000053 seconds.
  path: Assets/Oculus/LipSync/Models/FemaleHead_Morph/Materials/skin_DIFF.mat
  artifactKey: Guid(3d380053edac948aa9d428fce6a5288b) Importer(815301076,1909f56bfc062723c751e8b465ee728b)
Start importing Assets/Oculus/LipSync/Models/FemaleHead_Morph/Materials/skin_DIFF.mat using Guid(3d380053edac948aa9d428fce6a5288b) Importer(815301076,1909f56bfc062723c751e8b465ee728b)  -> (artifact id: '87d0cd106428135a055d3684a2ce5ddd') in 0.423634 seconds 
========================================================================
Received Import Request.
  Time since last request: 0.000128 seconds.
  path: Assets/Oculus/VR/Materials/SelfieImage.mat
  artifactKey: Guid(52ef173c94de14120b0d05f281d20054) Importer(815301076,1909f56bfc062723c751e8b465ee728b)
Start importing Assets/Oculus/VR/Materials/SelfieImage.mat using Guid(52ef173c94de14120b0d05f281d20054) Importer(815301076,1909f56bfc062723c751e8b465ee728b)  -> (artifact id: '8f84f031fc4a1f6b50d216a507058e6b') in 0.112163 seconds 
========================================================================
Received Import Request.
  Time since last request: 0.000066 seconds.
  path: Assets/Oculus/Interaction/Samples/Objects/Environment/Locomotion/Models/BackgroundSkydome.fbx
  artifactKey: Guid(34b453e4d1fa5034abe065de8ae813ef) Importer(815301076,1909f56bfc062723c751e8b465ee728b)
Start importing Assets/Oculus/Interaction/Samples/Objects/Environment/Locomotion/Models/BackgroundSkydome.fbx using Guid(34b453e4d1fa5034abe065de8ae813ef) Importer(815301076,1909f56bfc062723c751e8b465ee728b)  -> (artifact id: '8a2c706b3e990ce9d1bd8f44780307d1') in 0.094775 seconds 
========================================================================
Received Import Request.
  Time since last request: 0.000185 seconds.
  path: Assets/Oculus/SampleFramework/Usage/Passthrough/Materials/SignGlow.mat
  artifactKey: Guid(4987a147e31e8044ea7e0762e6f1780a) Importer(815301076,1909f56bfc062723c751e8b465ee728b)
Start importing Assets/Oculus/SampleFramework/Usage/Passthrough/Materials/SignGlow.mat using Guid(4987a147e31e8044ea7e0762e6f1780a) Importer(815301076,1909f56bfc062723c751e8b465ee728b)  -> (artifact id: '0b0e483461a5e640a9181403573aec0f') in 0.072755 seconds 
========================================================================
Received Import Request.
  Time since last request: 0.000066 seconds.
  path: Assets/Oculus/SampleFramework/Core/HandsInteraction/Materials/SkeletonBoneMaterial.mat
  artifactKey: Guid(abb80e58ce7c0a842a4758d09d9d71e0) Importer(815301076,1909f56bfc062723c751e8b465ee728b)
Start importing Assets/Oculus/SampleFramework/Core/HandsInteraction/Materials/SkeletonBoneMaterial.mat using Guid(abb80e58ce7c0a842a4758d09d9d71e0) Importer(815301076,1909f56bfc062723c751e8b465ee728b)  -> (artifact id: '5fdcba3b668353283c1952f95ac29546') in 0.059349 seconds 
========================================================================
Received Import Request.
  Time since last request: 0.000183 seconds.
  path: Assets/Oculus/Interaction/Runtime/Materials/RoundedBoxUnlit.mat
  artifactKey: Guid(d9665615562752448b5140038771d26c) Importer(815301076,1909f56bfc062723c751e8b465ee728b)
Start importing Assets/Oculus/Interaction/Runtime/Materials/RoundedBoxUnlit.mat using Guid(d9665615562752448b5140038771d26c) Importer(815301076,1909f56bfc062723c751e8b465ee728b)  -> (artifact id: '86fbe51a75eba8dcd1de97c73777f7b8') in 0.227518 seconds 
========================================================================
Received Import Request.
  Time since last request: 16.122920 seconds.
  path: Assets/Oculus/Voice/Samples/Shapes/Materials/Skybox.mat
  artifactKey: Guid(d49ff97a571f9ed4190359b6fda70b24) Importer(815301076,1909f56bfc062723c751e8b465ee728b)
Start importing Assets/Oculus/Voice/Samples/Shapes/Materials/Skybox.mat using Guid(d49ff97a571f9ed4190359b6fda70b24) Importer(815301076,1909f56bfc062723c751e8b465ee728b)  -> (artifact id: '48227121dce41d68ac33e7da78096273') in 0.041605 seconds 
========================================================================
Received Import Request.
  Time since last request: 0.000117 seconds.
  path: Assets/Oculus/SampleFramework/Usage/SharedAssets/Skyboxes/Sky_02/Skybox02.mat
  artifactKey: Guid(b709a9919bd4047b58bb05887b4faad3) Importer(815301076,1909f56bfc062723c751e8b465ee728b)
Start importing Assets/Oculus/SampleFramework/Usage/SharedAssets/Skyboxes/Sky_02/Skybox02.mat using Guid(b709a9919bd4047b58bb05887b4faad3) Importer(815301076,1909f56bfc062723c751e8b465ee728b)  -> (artifact id: '29189514d9eb5b4f291ea071b8d0de81') in 0.682447 seconds 
========================================================================
Received Import Request.
  Time since last request: 2.414989 seconds.
  path: Assets/Oculus/SampleFramework/Usage/DistanceGrab/SkyboxMat.mat
  artifactKey: Guid(59e9fddc38d83c84689eb3deb601b970) Importer(815301076,1909f56bfc062723c751e8b465ee728b)
Start importing Assets/Oculus/SampleFramework/Usage/DistanceGrab/SkyboxMat.mat using Guid(59e9fddc38d83c84689eb3deb601b970) Importer(815301076,1909f56bfc062723c751e8b465ee728b)  -> (artifact id: 'fdb45882b5333d3b20e56e42ddc150c3') in 0.046412 seconds 
========================================================================
Received Import Request.
  Time since last request: 0.000285 seconds.
  path: Assets/Oculus/Interaction/Samples/Objects/Environment/SmallRoom/Materials/SmallRoomFurnitureMat.mat
  artifactKey: Guid(11a68679012f52242bdfabd814bd5db8) Importer(815301076,1909f56bfc062723c751e8b465ee728b)
Start importing Assets/Oculus/Interaction/Samples/Objects/Environment/SmallRoom/Materials/SmallRoomFurnitureMat.mat using Guid(11a68679012f52242bdfabd814bd5db8) Importer(815301076,1909f56bfc062723c751e8b465ee728b)  -> (artifact id: '7b7458b111b592540311592fc47c2823') in 0.158118 seconds 
========================================================================
Received Import Request.
  Time since last request: 0.000157 seconds.
  path: Assets/Oculus/Interaction/Samples/Objects/Environment/Room/Materials/SmallRoomWoodMat.mat
  artifactKey: Guid(210293e7bc746264fb59293ebb63e4f3) Importer(815301076,1909f56bfc062723c751e8b465ee728b)
Start importing Assets/Oculus/Interaction/Samples/Objects/Environment/Room/Materials/SmallRoomWoodMat.mat using Guid(210293e7bc746264fb59293ebb63e4f3) Importer(815301076,1909f56bfc062723c751e8b465ee728b)  -> (artifact id: 'aa400fbc6fba6dd2877ac82a5f3e4024') in 0.160873 seconds 
========================================================================
Received Import Request.
  Time since last request: 0.000035 seconds.
  path: Assets/Oculus/Spatializer/scenes/materials/SpatializedObject2.mat
  artifactKey: Guid(f54ef0e328359c14b9005f8a48cbd66b) Importer(815301076,1909f56bfc062723c751e8b465ee728b)
Start importing Assets/Oculus/Spatializer/scenes/materials/SpatializedObject2.mat using Guid(f54ef0e328359c14b9005f8a48cbd66b) Importer(815301076,1909f56bfc062723c751e8b465ee728b)  -> (artifact id: 'b2c07dad012ccb457657e1a51a954650') in 0.100083 seconds 
========================================================================
Received Import Request.
  Time since last request: 0.000101 seconds.
  path: Assets/Oculus/SampleFramework/Usage/SharedAssets/Materials/SportsBottle_metal.mat
  artifactKey: Guid(e04a4300d0596db4ba52a535422513d3) Importer(815301076,1909f56bfc062723c751e8b465ee728b)
Start importing Assets/Oculus/SampleFramework/Usage/SharedAssets/Materials/SportsBottle_metal.mat using Guid(e04a4300d0596db4ba52a535422513d3) Importer(815301076,1909f56bfc062723c751e8b465ee728b)  -> (artifact id: 'a38baad4dce11318b108a9f2cd1afe6c') in 0.112620 seconds 
========================================================================
Received Import Request.
  Time since last request: 0.000078 seconds.
  path: Assets/Oculus/Interaction/Samples/Objects/Props/StonePolyhedra/Materials/StonePolyhedraMat.fbx
  artifactKey: Guid(7e16fe83b18a246aa899b656c3317d43) Importer(815301076,1909f56bfc062723c751e8b465ee728b)
Start importing Assets/Oculus/Interaction/Samples/Objects/Props/StonePolyhedra/Materials/StonePolyhedraMat.fbx using Guid(7e16fe83b18a246aa899b656c3317d43) Importer(815301076,1909f56bfc062723c751e8b465ee728b)  -> (artifact id: 'afdb3455ba098d68707db9a03ac66cfc') in 0.136815 seconds 
========================================================================
Received Import Request.
  Time since last request: 0.000073 seconds.
  path: Assets/Oculus/SampleFramework/Usage/SceneManager/Materials/StylizedOcclusions.mat
  artifactKey: Guid(ca503404ffe48cc4ba49ab9c6efe7a26) Importer(815301076,1909f56bfc062723c751e8b465ee728b)
Start importing Assets/Oculus/SampleFramework/Usage/SceneManager/Materials/StylizedOcclusions.mat using Guid(ca503404ffe48cc4ba49ab9c6efe7a26) Importer(815301076,1909f56bfc062723c751e8b465ee728b)  -> (artifact id: 'e2ce8e7d7f677c80d0ec605d734ceb72') in 0.132504 seconds 
========================================================================
Received Import Request.
  Time since last request: 0.000261 seconds.
  path: Packages/com.unity.render-pipelines.universal/Runtime/Materials/SpriteMask-Default.mat
  artifactKey: Guid(15d0c3709176029428a0da2f8cecf0b5) Importer(815301076,1909f56bfc062723c751e8b465ee728b)
Start importing Packages/com.unity.render-pipelines.universal/Runtime/Materials/SpriteMask-Default.mat using Guid(15d0c3709176029428a0da2f8cecf0b5) Importer(815301076,1909f56bfc062723c751e8b465ee728b)  -> (artifact id: 'b29f52695e1f15d6324cad83c841fe03') in 0.065481 seconds 
========================================================================
Received Import Request.
  Time since last request: 0.000075 seconds.
  path: Assets/Oculus/Interaction/Samples/Objects/Environment/SmallRoom/Materials/SmallRoomFloorMat.mat
  artifactKey: Guid(235d53208c2effc43aa402dc5f349bdb) Importer(815301076,1909f56bfc062723c751e8b465ee728b)
Start importing Assets/Oculus/Interaction/Samples/Objects/Environment/SmallRoom/Materials/SmallRoomFloorMat.mat using Guid(235d53208c2effc43aa402dc5f349bdb) Importer(815301076,1909f56bfc062723c751e8b465ee728b)  -> (artifact id: '61097d0cbbce653d5302df98533645ef') in 0.205646 seconds 
========================================================================
Received Import Request.
  Time since last request: 0.000047 seconds.
  path: Assets/Oculus/SampleFramework/Usage/SharedAssets/Materials/SportsBottle_lid.mat
  artifactKey: Guid(c99e99ab53520b24f933da34732440eb) Importer(815301076,1909f56bfc062723c751e8b465ee728b)
Start importing Assets/Oculus/SampleFramework/Usage/SharedAssets/Materials/SportsBottle_lid.mat using Guid(c99e99ab53520b24f933da34732440eb) Importer(815301076,1909f56bfc062723c751e8b465ee728b)  -> (artifact id: 'a5f7529e51baa787b3b5e612bcd8f381') in 0.064691 seconds 
========================================================================
Received Import Request.
  Time since last request: 18.743475 seconds.
  path: Assets/Oculus/SampleFramework/Core/HandsInteraction/Materials/SystemGestureSkeletonBoneMaterial.mat
  artifactKey: Guid(a3aacb3bb3e11b948899db3fbefc6fe1) Importer(815301076,1909f56bfc062723c751e8b465ee728b)
Start importing Assets/Oculus/SampleFramework/Core/HandsInteraction/Materials/SystemGestureSkeletonBoneMaterial.mat using Guid(a3aacb3bb3e11b948899db3fbefc6fe1) Importer(815301076,1909f56bfc062723c751e8b465ee728b)  -> (artifact id: 'f34c94d64adb3e315dbb3665c98ad334') in 0.058663 seconds 
========================================================================
Received Import Request.
  Time since last request: 0.000069 seconds.
  path: Packages/com.unity.render-pipelines.universal/Runtime/Materials/TerrainLit.mat
  artifactKey: Guid(594ea882c5a793440b60ff72d896021e) Importer(815301076,1909f56bfc062723c751e8b465ee728b)
Start importing Packages/com.unity.render-pipelines.universal/Runtime/Materials/TerrainLit.mat using Guid(594ea882c5a793440b60ff72d896021e) Importer(815301076,1909f56bfc062723c751e8b465ee728b)  -> (artifact id: '2117024579c5484c30c5dbb30faceffa') in 0.427275 seconds 
========================================================================
Received Import Request.
  Time since last request: 0.956970 seconds.
  path: Assets/Oculus/SampleFramework/Usage/OVROverlay/Materials/Tile_Mat_360Photo.mat
  artifactKey: Guid(8388a76b6d38060498be3f057adc62fb) Importer(815301076,1909f56bfc062723c751e8b465ee728b)
Start importing Assets/Oculus/SampleFramework/Usage/OVROverlay/Materials/Tile_Mat_360Photo.mat using Guid(8388a76b6d38060498be3f057adc62fb) Importer(815301076,1909f56bfc062723c751e8b465ee728b)  -> (artifact id: 'fecad9cf2254d69dfdf8920f02d22198') in 0.069109 seconds 
========================================================================
Received Import Request.
  Time since last request: 0.000093 seconds.
  path: Assets/Oculus/Interaction/Samples/Objects/Props/Torch/Materials/torchMaterial.fbx
  artifactKey: Guid(134e9118804c640d1b832467ae5e0213) Importer(815301076,1909f56bfc062723c751e8b465ee728b)
Start importing Assets/Oculus/Interaction/Samples/Objects/Props/Torch/Materials/torchMaterial.fbx using Guid(134e9118804c640d1b832467ae5e0213) Importer(815301076,1909f56bfc062723c751e8b465ee728b)  -> (artifact id: '1ff86e77400eaa90382e213f3ca6cf31') in 0.152455 seconds 
========================================================================
Received Import Request.
  Time since last request: 0.000238 seconds.
  path: Assets/Oculus/SampleFramework/Core/TouchControllers/Models/touch_controller_MAT.mat
  artifactKey: Guid(d8a202bc350b09c4e808ea37c6929755) Importer(815301076,1909f56bfc062723c751e8b465ee728b)
Start importing Assets/Oculus/SampleFramework/Core/TouchControllers/Models/touch_controller_MAT.mat using Guid(d8a202bc350b09c4e808ea37c6929755) Importer(815301076,1909f56bfc062723c751e8b465ee728b)  -> (artifact id: '81783727f24758d92158e917af4d1ddb') in 0.208767 seconds 
========================================================================
Received Import Request.
  Time since last request: 10.876989 seconds.
  path: Assets/Oculus/SampleFramework/Usage/SharedAssets/Materials/ToyBallMat.mat
  artifactKey: Guid(b0b0cd8f767a3f34384866cbf226b83b) Importer(815301076,1909f56bfc062723c751e8b465ee728b)
Start importing Assets/Oculus/SampleFramework/Usage/SharedAssets/Materials/ToyBallMat.mat using Guid(b0b0cd8f767a3f34384866cbf226b83b) Importer(815301076,1909f56bfc062723c751e8b465ee728b)  -> (artifact id: '256843554706b8055dde7ffc21a04d56') in 0.081379 seconds 
========================================================================
Received Import Request.
  Time since last request: 0.000130 seconds.
  path: Assets/Oculus/SampleFramework/Usage/SharedAssets/Materials/ToyCubeMat.mat
  artifactKey: Guid(b63c152e975e0be45929851911662d79) Importer(815301076,1909f56bfc062723c751e8b465ee728b)
Start importing Assets/Oculus/SampleFramework/Usage/SharedAssets/Materials/ToyCubeMat.mat using Guid(b63c152e975e0be45929851911662d79) Importer(815301076,1909f56bfc062723c751e8b465ee728b)  -> (artifact id: '4467e7e4bf230b79dfe9046dda906c15') in 0.096476 seconds 
========================================================================
Received Import Request.
  Time since last request: 0.000117 seconds.
  path: Assets/Oculus/SampleFramework/Usage/OVROverlayCanvas/Materials/UI Default Correct.mat
  artifactKey: Guid(c303ccfd63b005d4bbdb8f0bbf9e834b) Importer(815301076,1909f56bfc062723c751e8b465ee728b)
Start importing Assets/Oculus/SampleFramework/Usage/OVROverlayCanvas/Materials/UI Default Correct.mat using Guid(c303ccfd63b005d4bbdb8f0bbf9e834b) Importer(815301076,1909f56bfc062723c751e8b465ee728b)  -> (artifact id: 'aa91cc7e24534feb33a1fc04c1cdec83') in 0.112875 seconds 
========================================================================
Received Import Request.
  Time since last request: 40.265140 seconds.
  path: Assets/Oculus/Interaction/Runtime/Materials/UIDepthOverwrite.mat
  artifactKey: Guid(c7cda63c3ebb50847950fc3a925d784f) Importer(815301076,1909f56bfc062723c751e8b465ee728b)
Start importing Assets/Oculus/Interaction/Runtime/Materials/UIDepthOverwrite.mat using Guid(c7cda63c3ebb50847950fc3a925d784f) Importer(815301076,1909f56bfc062723c751e8b465ee728b)  -> (artifact id: '0a4e1b8d8705a3ca3ee46b6644318d09') in 0.120971 seconds 
========================================================================
Received Import Request.
  Time since last request: 0.000105 seconds.
  path: Assets/Oculus/SampleFramework/Usage/SceneManager/Materials/Volume.mat
  artifactKey: Guid(543b651ad3494a6499aacc90e536b48d) Importer(815301076,1909f56bfc062723c751e8b465ee728b)
Start importing Assets/Oculus/SampleFramework/Usage/SceneManager/Materials/Volume.mat using Guid(543b651ad3494a6499aacc90e536b48d) Importer(815301076,1909f56bfc062723c751e8b465ee728b)  -> (artifact id: '89f4ddc489bdf8c988ce9e5c271659b3') in 0.066301 seconds 
========================================================================
Received Import Request.
  Time since last request: 0.000189 seconds.
  path: Assets/Oculus/SampleFramework/Usage/SceneManager/Materials/WallArt.mat
  artifactKey: Guid(0a40a86ad5413d448a47689993c6272d) Importer(815301076,1909f56bfc062723c751e8b465ee728b)
Start importing Assets/Oculus/SampleFramework/Usage/SceneManager/Materials/WallArt.mat using Guid(0a40a86ad5413d448a47689993c6272d) Importer(815301076,1909f56bfc062723c751e8b465ee728b)  -> (artifact id: 'fc899a332c5bdd5ca6131cf0b7097472') in 0.219778 seconds 
========================================================================
Received Import Request.
  Time since last request: 0.358562 seconds.
  path: Assets/Oculus/SampleFramework/Usage/Passthrough/Materials/WhiteUnlit.mat
  artifactKey: Guid(89681c510a2d4144f82986df469f44a1) Importer(815301076,1909f56bfc062723c751e8b465ee728b)
Start importing Assets/Oculus/SampleFramework/Usage/Passthrough/Materials/WhiteUnlit.mat using Guid(89681c510a2d4144f82986df469f44a1) Importer(815301076,1909f56bfc062723c751e8b465ee728b)  -> (artifact id: '2637866b9c7d725e20d171c1dc536072') in 0.045886 seconds 
========================================================================
Received Import Request.
  Time since last request: 0.000244 seconds.
  path: Assets/Oculus/Interaction/Samples/Objects/Environment/Room/Materials/WindowStencilWriter.mat
  artifactKey: Guid(90969dd5aecc40c438a178ce4c40aa8f) Importer(815301076,1909f56bfc062723c751e8b465ee728b)
Start importing Assets/Oculus/Interaction/Samples/Objects/Environment/Room/Materials/WindowStencilWriter.mat using Guid(90969dd5aecc40c438a178ce4c40aa8f) Importer(815301076,1909f56bfc062723c751e8b465ee728b)  -> (artifact id: '0ea7807dc77533f863a2b8b57c7212d8') in 0.073018 seconds 
========================================================================
Received Import Request.
  Time since last request: 0.000058 seconds.
  path: Assets/Oculus/SampleFramework/Usage/HandsTrainExample/Materials/XingLightMaterial.mat
  artifactKey: Guid(b99b44499a77b3645b481d4f7d0ddf33) Importer(815301076,1909f56bfc062723c751e8b465ee728b)
Start importing Assets/Oculus/SampleFramework/Usage/HandsTrainExample/Materials/XingLightMaterial.mat using Guid(b99b44499a77b3645b481d4f7d0ddf33) Importer(815301076,1909f56bfc062723c751e8b465ee728b)  -> (artifact id: 'e68aa71c3beaa72c7496fba4bc15804d') in 0.117381 seconds 
Editor requested this worker to shutdown with reason: Scaling down because of idle timeout
AssetImportWorker is now disconnected from the server
Process exiting
Exiting without the bug reporter. Application will terminate with return code 0